# JRE version: OpenJDK Runtime Environment Temurin-21.0.11+10 (21.0.11+10) (build 21.0.11+10-LTS)
# Java VM: OpenJDK 64-Bit Server VM Temurin-21.0.11+10 (21.0.11+10-LTS, mixed mode, sharing, tiered, compressed oops, compressed class ptrs, parallel gc, windows-amd64)
GC Precious Log:
 CardTable entry size: 512
 CPUs: 8 total, 8 available
 Memory: 6030M
 Large Page Support: Disabled
 NUMA Support: Disabled
 Compressed Oops: Enabled (32-bit)
 Alignments: Space 512K, Generation 512K, Heap 2M
 Heap Min Capacity: 100M
 Heap Initial Capacity: 100M
 Heap Max Capacity: 2G
 Pre-touch: Disabled
 Parallel Workers: 8
Heap:
 PSYoungGen      total 1536K, used 1096K [0x00000000d5580000, 0x00000000d5800000, 0x0000000100000000)
  eden space 1024K, 82% used [0x00000000d5580000,0x00000000d56523d0,0x00000000d5680000)
  from space 512K, 50% used [0x00000000d5700000,0x00000000d5740000,0x00000000d5780000)
  to   space 512K, 0% used [0x00000000d5780000,0x00000000d5780000,0x00000000d5800000)
 ParOldGen       total 455168K, used 301112K [0x0000000080000000, 0x000000009bc80000, 0x00000000d5580000)
  object space 455168K, 66% used [0x0000000080000000,0x000000009260e318,0x000000009bc80000)
 Metaspace       used 77519K, committed 79552K, reserved 1179648K
  class space    used 7727K, committed 8576K, reserved 1048576K
GC Heap History (20 events):
Event: 9167.113 GC heap before
{Heap before GC invocations=1399 (full 5):
 PSYoungGen      total 1536K, used 1216K [0x00000000d5580000, 0x00000000d5800000, 0x0000000100000000)
  eden space 1024K, 100% used [0x00000000d5580000,0x00000000d5680000,0x00000000d5680000)
  from space 512K, 37% used [0x00000000d5700000,0x00000000d5730000,0x00000000d5780000)
  to   space 512K, 0% used [0x00000000d5780000,0x00000000d5780000,0x00000000d5800000)
 ParOldGen       total 455168K, used 300363K [0x0000000080000000, 0x000000009bc80000, 0x00000000d5580000)
  object space 455168K, 65% used [0x0000000080000000,0x0000000092552fc0,0x000000009bc80000)
 Metaspace       used 77519K, committed 79552K, reserved 1179648K
  class space    used 7727K, committed 8576K, reserved 1048576K
}
Event: 9167.115 GC heap after
{Heap after GC invocations=1399 (full 5):
 PSYoungGen      total 1536K, used 224K [0x00000000d5580000, 0x00000000d5800000, 0x0000000100000000)
  eden space 1024K, 0% used [0x00000000d5580000,0x00000000d5580000,0x00000000d5680000)
  from space 512K, 43% used [0x00000000d5780000,0x00000000d57b8000,0x00000000d5800000)
  to   space 512K, 0% used [0x00000000d5700000,0x00000000d5700000,0x00000000d5780000)
 ParOldGen       total 455168K, used 300419K [0x0000000080000000, 0x000000009bc80000, 0x00000000d5580000)
  object space 455168K, 66% used [0x0000000080000000,0x0000000092560fc0,0x000000009bc80000)
 Metaspace       used 77519K, committed 79552K, reserved 1179648K
  class space    used 7727K, committed 8576K, reserved 1048576K
}
Event: 9167.408 GC heap before
{Heap before GC invocations=1400 (full 5):
 PSYoungGen      total 1536K, used 1248K [0x00000000d5580000, 0x00000000d5800000, 0x0000000100000000)
  eden space 1024K, 100% used [0x00000000d5580000,0x00000000d5680000,0x00000000d5680000)
  from space 512K, 43% used [0x00000000d5780000,0x00000000d57b8000,0x00000000d5800000)
  to   space 512K, 0% used [0x00000000d5700000,0x00000000d5700000,0x00000000d5780000)
 ParOldGen       total 455168K, used 300419K [0x0000000080000000, 0x000000009bc80000, 0x00000000d5580000)
  object space 455168K, 66% used [0x0000000080000000,0x0000000092560fc0,0x000000009bc80000)
 Metaspace       used 77519K, committed 79552K, reserved 1179648K
  class space    used 7727K, committed 8576K, reserved 1048576K
}
Event: 9167.411 GC heap after
{Heap after GC invocations=1400 (full 5):
 PSYoungGen      total 1536K, used 192K [0x00000000d5580000, 0x00000000d5800000, 0x0000000100000000)
  eden space 1024K, 0% used [0x00000000d5580000,0x00000000d5580000,0x00000000d5680000)
  from space 512K, 37% used [0x00000000d5700000,0x00000000d5730000,0x00000000d5780000)
  to   space 512K, 0% used [0x00000000d5780000,0x00000000d5780000,0x00000000d5800000)
 ParOldGen       total 455168K, used 300515K [0x0000000080000000, 0x000000009bc80000, 0x00000000d5580000)
  object space 455168K, 66% used [0x0000000080000000,0x0000000092578fc0,0x000000009bc80000)
 Metaspace       used 77519K, committed 79552K, reserved 1179648K
  class space    used 7727K, committed 8576K, reserved 1048576K
}
Event: 9167.718 GC heap before
{Heap before GC invocations=1401 (full 5):
 PSYoungGen      total 1536K, used 1216K [0x00000000d5580000, 0x00000000d5800000, 0x0000000100000000)
  eden space 1024K, 100% used [0x00000000d5580000,0x00000000d5680000,0x00000000d5680000)
  from space 512K, 37% used [0x00000000d5700000,0x00000000d5730000,0x00000000d5780000)
  to   space 512K, 0% used [0x00000000d5780000,0x00000000d5780000,0x00000000d5800000)
 ParOldGen       total 455168K, used 300515K [0x0000000080000000, 0x000000009bc80000, 0x00000000d5580000)
  object space 455168K, 66% used [0x0000000080000000,0x0000000092578fc0,0x000000009bc80000)
 Metaspace       used 77519K, committed 79552K, reserved 1179648K
  class space    used 7727K, committed 8576K, reserved 1048576K
}
Event: 9167.720 GC heap after
{Heap after GC invocations=1401 (full 5):
 PSYoungGen      total 1536K, used 256K [0x00000000d5580000, 0x00000000d5800000, 0x0000000100000000)
  eden space 1024K, 0% used [0x00000000d5580000,0x00000000d5580000,0x00000000d5680000)
  from space 512K, 50% used [0x00000000d5780000,0x00000000d57c0000,0x00000000d5800000)
  to   space 512K, 0% used [0x00000000d5700000,0x00000000d5700000,0x00000000d5780000)
 ParOldGen       total 455168K, used 300587K [0x0000000080000000, 0x000000009bc80000, 0x00000000d5580000)
  object space 455168K, 66% used [0x0000000080000000,0x000000009258afc0,0x000000009bc80000)
 Metaspace       used 77519K, committed 79552K, reserved 1179648K
  class space    used 7727K, committed 8576K, reserved 1048576K
}
Event: 9167.808 GC heap before
{Heap before GC invocations=1402 (full 5):
 PSYoungGen      total 1536K, used 1280K [0x00000000d5580000, 0x00000000d5800000, 0x0000000100000000)
  eden space 1024K, 100% used [0x00000000d5580000,0x00000000d5680000,0x00000000d5680000)
  from space 512K, 50% used [0x00000000d5780000,0x00000000d57c0000,0x00000000d5800000)
  to   space 512K, 0% used [0x00000000d5700000,0x00000000d5700000,0x00000000d5780000)
 ParOldGen       total 455168K, used 300587K [0x0000000080000000, 0x000000009bc80000, 0x00000000d5580000)
  object space 455168K, 66% used [0x0000000080000000,0x000000009258afc0,0x000000009bc80000)
 Metaspace       used 77519K, committed 79552K, reserved 1179648K
  class space    used 7727K, committed 8576K, reserved 1048576K
}
Event: 9167.810 GC heap after
{Heap after GC invocations=1402 (full 5):
 PSYoungGen      total 1536K, used 320K [0x00000000d5580000, 0x00000000d5800000, 0x0000000100000000)
  eden space 1024K, 0% used [0x00000000d5580000,0x00000000d5580000,0x00000000d5680000)
  from space 512K, 62% used [0x00000000d5700000,0x00000000d5750000,0x00000000d5780000)
  to   space 512K, 0% used [0x00000000d5780000,0x00000000d5780000,0x00000000d5800000)
 ParOldGen       total 455168K, used 300643K [0x0000000080000000, 0x000000009bc80000, 0x00000000d5580000)
  object space 455168K, 66% used [0x0000000080000000,0x0000000092598fc0,0x000000009bc80000)
 Metaspace       used 77519K, committed 79552K, reserved 1179648K
  class space    used 7727K, committed 8576K, reserved 1048576K
}
Event: 9167.890 GC heap before
{Heap before GC invocations=1403 (full 5):
 PSYoungGen      total 1536K, used 1344K [0x00000000d5580000, 0x00000000d5800000, 0x0000000100000000)
  eden space 1024K, 100% used [0x00000000d5580000,0x00000000d5680000,0x00000000d5680000)
  from space 512K, 62% used [0x00000000d5700000,0x00000000d5750000,0x00000000d5780000)
  to   space 512K, 0% used [0x00000000d5780000,0x00000000d5780000,0x00000000d5800000)
 ParOldGen       total 455168K, used 300643K [0x0000000080000000, 0x000000009bc80000, 0x00000000d5580000)
  object space 455168K, 66% used [0x0000000080000000,0x0000000092598fc0,0x000000009bc80000)
 Metaspace       used 77519K, committed 79552K, reserved 1179648K
  class space    used 7727K, committed 8576K, reserved 1048576K
}
Event: 9167.891 GC heap after
{Heap after GC invocations=1403 (full 5):
 PSYoungGen      total 1536K, used 288K [0x00000000d5580000, 0x00000000d5800000, 0x0000000100000000)
  eden space 1024K, 0% used [0x00000000d5580000,0x00000000d5580000,0x00000000d5680000)
  from space 512K, 56% used [0x00000000d5780000,0x00000000d57c8000,0x00000000d5800000)
  to   space 512K, 0% used [0x00000000d5700000,0x00000000d5700000,0x00000000d5780000)
 ParOldGen       total 455168K, used 300739K [0x0000000080000000, 0x000000009bc80000, 0x00000000d5580000)
  object space 455168K, 66% used [0x0000000080000000,0x00000000925b0fc0,0x000000009bc80000)
 Metaspace       used 77519K, committed 79552K, reserved 1179648K
  class space    used 7727K, committed 8576K, reserved 1048576K
}
Event: 9167.973 GC heap before
{Heap before GC invocations=1404 (full 5):
 PSYoungGen      total 1536K, used 1312K [0x00000000d5580000, 0x00000000d5800000, 0x0000000100000000)
  eden space 1024K, 100% used [0x00000000d5580000,0x00000000d5680000,0x00000000d5680000)
  from space 512K, 56% used [0x00000000d5780000,0x00000000d57c8000,0x00000000d5800000)
  to   space 512K, 0% used [0x00000000d5700000,0x00000000d5700000,0x00000000d5780000)
 ParOldGen       total 455168K, used 300739K [0x0000000080000000, 0x000000009bc80000, 0x00000000d5580000)
  object space 455168K, 66% used [0x0000000080000000,0x00000000925b0fc0,0x000000009bc80000)
 Metaspace       used 77519K, committed 79552K, reserved 1179648K
  class space    used 7727K, committed 8576K, reserved 1048576K
}
Event: 9167.975 GC heap after
{Heap after GC invocations=1404 (full 5):
 PSYoungGen      total 1536K, used 256K [0x00000000d5580000, 0x00000000d5800000, 0x0000000100000000)
  eden space 1024K, 0% used [0x00000000d5580000,0x00000000d5580000,0x00000000d5680000)
  from space 512K, 50% used [0x00000000d5700000,0x00000000d5740000,0x00000000d5780000)
  to   space 512K, 0% used [0x00000000d5780000,0x00000000d5780000,0x00000000d5800000)
 ParOldGen       total 455168K, used 300883K [0x0000000080000000, 0x000000009bc80000, 0x00000000d5580000)
  object space 455168K, 66% used [0x0000000080000000,0x00000000925d4fc0,0x000000009bc80000)
 Metaspace       used 77519K, committed 79552K, reserved 1179648K
  class space    used 7727K, committed 8576K, reserved 1048576K
}
Event: 9168.046 GC heap before
{Heap before GC invocations=1405 (full 5):
 PSYoungGen      total 1536K, used 1280K [0x00000000d5580000, 0x00000000d5800000, 0x0000000100000000)
  eden space 1024K, 100% used [0x00000000d5580000,0x00000000d5680000,0x00000000d5680000)
  from space 512K, 50% used [0x00000000d5700000,0x00000000d5740000,0x00000000d5780000)
  to   space 512K, 0% used [0x00000000d5780000,0x00000000d5780000,0x00000000d5800000)
 ParOldGen       total 455168K, used 300883K [0x0000000080000000, 0x000000009bc80000, 0x00000000d5580000)
  object space 455168K, 66% used [0x0000000080000000,0x00000000925d4fc0,0x000000009bc80000)
 Metaspace       used 77519K, committed 79552K, reserved 1179648K
  class space    used 7727K, committed 8576K, reserved 1048576K
}
Event: 9168.047 GC heap after
{Heap after GC invocations=1405 (full 5):
 PSYoungGen      total 1536K, used 256K [0x00000000d5580000, 0x00000000d5800000, 0x0000000100000000)
  eden space 1024K, 0% used [0x00000000d5580000,0x00000000d5580000,0x00000000d5680000)
  from space 512K, 50% used [0x00000000d5780000,0x00000000d57c0000,0x00000000d5800000)
  to   space 512K, 0% used [0x00000000d5700000,0x00000000d5700000,0x00000000d5780000)
 ParOldGen       total 455168K, used 300939K [0x0000000080000000, 0x000000009bc80000, 0x00000000d5580000)
  object space 455168K, 66% used [0x0000000080000000,0x00000000925e2fc0,0x000000009bc80000)
 Metaspace       used 77519K, committed 79552K, reserved 1179648K
  class space    used 7727K, committed 8576K, reserved 1048576K
}
Event: 9169.076 GC heap before
{Heap before GC invocations=1406 (full 5):
 PSYoungGen      total 1536K, used 1280K [0x00000000d5580000, 0x00000000d5800000, 0x0000000100000000)
  eden space 1024K, 100% used [0x00000000d5580000,0x00000000d5680000,0x00000000d5680000)
  from space 512K, 50% used [0x00000000d5780000,0x00000000d57c0000,0x00000000d5800000)
  to   space 512K, 0% used [0x00000000d5700000,0x00000000d5700000,0x00000000d5780000)
 ParOldGen       total 455168K, used 300939K [0x0000000080000000, 0x000000009bc80000, 0x00000000d5580000)
  object space 455168K, 66% used [0x0000000080000000,0x00000000925e2fc0,0x000000009bc80000)
 Metaspace       used 77519K, committed 79552K, reserved 1179648K
  class space    used 7727K, committed 8576K, reserved 1048576K
}
Event: 9169.079 GC heap after
{Heap after GC invocations=1406 (full 5):
 PSYoungGen      total 1536K, used 192K [0x00000000d5580000, 0x00000000d5800000, 0x0000000100000000)
  eden space 1024K, 0% used [0x00000000d5580000,0x00000000d5580000,0x00000000d5680000)
  from space 512K, 37% used [0x00000000d5700000,0x00000000d5730000,0x00000000d5780000)
  to   space 512K, 0% used [0x00000000d5780000,0x00000000d5780000,0x00000000d5800000)
 ParOldGen       total 455168K, used 301008K [0x0000000080000000, 0x000000009bc80000, 0x00000000d5580000)
  object space 455168K, 66% used [0x0000000080000000,0x00000000925f4318,0x000000009bc80000)
 Metaspace       used 77519K, committed 79552K, reserved 1179648K
  class space    used 7727K, committed 8576K, reserved 1048576K
}
Event: 9169.161 GC heap before
{Heap before GC invocations=1407 (full 5):
 PSYoungGen      total 1536K, used 1216K [0x00000000d5580000, 0x00000000d5800000, 0x0000000100000000)
  eden space 1024K, 100% used [0x00000000d5580000,0x00000000d5680000,0x00000000d5680000)
  from space 512K, 37% used [0x00000000d5700000,0x00000000d5730000,0x00000000d5780000)
  to   space 512K, 0% used [0x00000000d5780000,0x00000000d5780000,0x00000000d5800000)
 ParOldGen       total 455168K, used 301008K [0x0000000080000000, 0x000000009bc80000, 0x00000000d5580000)
  object space 455168K, 66% used [0x0000000080000000,0x00000000925f4318,0x000000009bc80000)
 Metaspace       used 77519K, committed 79552K, reserved 1179648K
  class space    used 7727K, committed 8576K, reserved 1048576K
}
Event: 9169.163 GC heap after
{Heap after GC invocations=1407 (full 5):
 PSYoungGen      total 1536K, used 224K [0x00000000d5580000, 0x00000000d5800000, 0x0000000100000000)
  eden space 1024K, 0% used [0x00000000d5580000,0x00000000d5580000,0x00000000d5680000)
  from space 512K, 43% used [0x00000000d5780000,0x00000000d57b8000,0x00000000d5800000)
  to   space 512K, 0% used [0x00000000d5700000,0x00000000d5700000,0x00000000d5780000)
 ParOldGen       total 455168K, used 301056K [0x0000000080000000, 0x000000009bc80000, 0x00000000d5580000)
  object space 455168K, 66% used [0x0000000080000000,0x0000000092600318,0x000000009bc80000)
 Metaspace       used 77519K, committed 79552K, reserved 1179648K
  class space    used 7727K, committed 8576K, reserved 1048576K
}
Event: 9169.236 GC heap before
{Heap before GC invocations=1408 (full 5):
 PSYoungGen      total 1536K, used 1248K [0x00000000d5580000, 0x00000000d5800000, 0x0000000100000000)
  eden space 1024K, 100% used [0x00000000d5580000,0x00000000d5680000,0x00000000d5680000)
  from space 512K, 43% used [0x00000000d5780000,0x00000000d57b8000,0x00000000d5800000)
  to   space 512K, 0% used [0x00000000d5700000,0x00000000d5700000,0x00000000d5780000)
 ParOldGen       total 455168K, used 301056K [0x0000000080000000, 0x000000009bc80000, 0x00000000d5580000)
  object space 455168K, 66% used [0x0000000080000000,0x0000000092600318,0x000000009bc80000)
 Metaspace       used 77519K, committed 79552K, reserved 1179648K
  class space    used 7727K, committed 8576K, reserved 1048576K
}
Event: 9169.238 GC heap after
{Heap after GC invocations=1408 (full 5):
 PSYoungGen      total 1536K, used 256K [0x00000000d5580000, 0x00000000d5800000, 0x0000000100000000)
  eden space 1024K, 0% used [0x00000000d5580000,0x00000000d5580000,0x00000000d5680000)
  from space 512K, 50% used [0x00000000d5700000,0x00000000d5740000,0x00000000d5780000)
  to   space 512K, 0% used [0x00000000d5780000,0x00000000d5780000,0x00000000d5800000)
 ParOldGen       total 455168K, used 301112K [0x0000000080000000, 0x000000009bc80000, 0x00000000d5580000)
  object space 455168K, 66% used [0x0000000080000000,0x000000009260e318,0x000000009bc80000)
 Metaspace       used 77519K, committed 79552K, reserved 1179648K
  class space    used 7727K, committed 8576K, reserved 1048576K
}

