<?xml version="1.0" encoding="UTF-8"?>
<testsuite xmlns:xsi="http://www.w3.org/2001/XMLSchema-instance" xsi:noNamespaceSchemaLocation="https://maven.apache.org/surefire/maven-surefire-plugin/xsd/surefire-test-report.xsd" version="3.0.2" name="com.kantechsolution.smart_school.auth.AuthIntegrationTest" time="67.842" tests="7" errors="0" skipped="0" failures="0">
  <properties>
[...]
</properties>
  <testcase name="adminDemoAccountAuthenticates" classname="com.kantechsolution.smart_school.auth.AuthIntegrationTest" time="1.66">
    <system-out><![CDATA[
  .   ____          _            __ _ _
 /\\ / ___'_ __ _ _(_)_ __  __ _ \ \ \ \
( ( )\___ | '_ | '_| | '_ \/ _` | \ \ \ \
 \\/  ___)| |_)| | | | | || (_| |  ) ) ) )
  '  |____| .__|_| |_|_| |_\__, | / / / /
 =========|_|==============|___/=/_/_/_/

 :: Spring Boot ::                (v4.0.2)

2026-09-03T13:23:50.114Z  INFO 29220 --- [smart_schoolapp] [           main] c.k.s.auth.AuthIntegrationTest           : Starting AuthIntegrationTest using Java 17.0.17 with PID 29220 (started by alhaj in C:\Users\alhaj\OneDrive\Desktop\School Application\smart_schoolapp)
2026-09-03T13:23:50.124Z  INFO 29220 --- [smart_schoolapp] [           main] c.k.s.auth.AuthIntegrationTest           : The following 1 profile is active: "test"
2026-09-03T13:23:57.624Z  INFO 29220 --- [smart_schoolapp] [           main] .s.d.r.c.RepositoryConfigurationDelegate : Bootstrapping Spring Data JPA repositories in DEFAULT mode.
2026-09-03T13:23:59.755Z  INFO 29220 --- [smart_schoolapp] [           main] .s.d.r.c.RepositoryConfigurationDelegate : Finished Spring Data repository scanning in 2091 ms. Found 215 JPA repository interfaces.
2026-09-03T13:24:04.822Z  INFO 29220 --- [smart_schoolapp] [           main] o.s.o.j.p.SpringPersistenceUnitInfo      : No LoadTimeWeaver setup: ignoring JPA class transformer
2026-09-03T13:24:04.930Z  INFO 29220 --- [smart_schoolapp] [           main] com.zaxxer.hikari.HikariDataSource       : HikariPool-1 - Starting...
2026-09-03T13:24:05.461Z  INFO 29220 --- [smart_schoolapp] [           main] com.zaxxer.hikari.pool.HikariPool        : HikariPool-1 - Added connection com.mysql.cj.jdbc.ConnectionImpl@167bae0b
2026-09-03T13:24:05.466Z  INFO 29220 --- [smart_schoolapp] [           main] com.zaxxer.hikari.HikariDataSource       : HikariPool-1 - Start completed.
2026-09-03T13:24:05.635Z  WARN 29220 --- [smart_schoolapp] [           main] org.hibernate.orm.deprecation            : HHH90000025: MySQLDialect does not need to be specified explicitly using 'hibernate.dialect' (remove the property setting and it will be selected by default)
2026-09-03T13:24:20.144Z  INFO 29220 --- [smart_schoolapp] [           main] j.LocalContainerEntityManagerFactoryBean : Initialized JPA EntityManagerFactory for persistence unit 'default'
2026-09-03T13:24:20.493Z  INFO 29220 --- [smart_schoolapp] [           main] o.s.d.j.r.query.QueryEnhancerFactories   : Hibernate is in classpath; If applicable, HQL parser will be used.
2026-09-03T13:24:25.859Z  INFO 29220 --- [smart_schoolapp] [           main] c.k.s.service.PhraseCatalogLoader        : Loaded 3115 UI phrases for language 'hi'
2026-09-03T13:24:26.097Z  INFO 29220 --- [smart_schoolapp] [           main] c.k.s.service.PhraseCatalogLoader        : Loaded 3112 UI phrases for language 'ar'
2026-09-03T13:24:26.346Z  INFO 29220 --- [smart_schoolapp] [           main] c.k.s.service.PhraseCatalogLoader        : Loaded 3083 UI phrases for language 'sw'
2026-09-03T13:24:26.631Z  INFO 29220 --- [smart_schoolapp] [           main] c.k.s.service.PhraseCatalogLoader        : Loaded 3003 UI phrases for language 'fr'
2026-09-03T13:24:26.990Z  INFO 29220 --- [smart_schoolapp] [           main] c.k.s.service.PhraseCatalogLoader        : Loaded 3071 UI phrases for language 'tr'
2026-09-03T13:24:27.292Z  INFO 29220 --- [smart_schoolapp] [           main] c.k.s.service.PhraseCatalogLoader        : Loaded 3098 UI phrases for language 'ru'
2026-09-03T13:24:27.590Z  INFO 29220 --- [smart_schoolapp] [           main] c.k.s.service.PhraseCatalogLoader        : Loaded 3040 UI phrases for language 'de'
2026-09-03T13:24:27.871Z  INFO 29220 --- [smart_schoolapp] [           main] c.k.s.service.PhraseCatalogLoader        : Loaded 3070 UI phrases for language 'nl'
2026-09-03T13:24:27.874Z  INFO 29220 --- [smart_schoolapp] [           main] c.k.s.service.PhraseCatalogLoader        : UI phrase catalog ready with 3168 English keys
2026-09-03T13:24:41.616Z  WARN 29220 --- [smart_schoolapp] [           main] JpaBaseConfiguration$JpaWebConfiguration : spring.jpa.open-in-view is enabled by default. Therefore, database queries may be performed during view rendering. Explicitly configure spring.jpa.open-in-view to disable this warning
2026-09-03T13:24:41.776Z  INFO 29220 --- [smart_schoolapp] [           main] eAuthenticationProviderManagerConfigurer : Global AuthenticationManager configured with AuthenticationProvider bean with name daoAuthenticationProvider
2026-09-03T13:24:41.778Z  WARN 29220 --- [smart_schoolapp] [           main] r$InitializeUserDetailsManagerConfigurer : Global AuthenticationManager configured with an AuthenticationProvider bean. UserDetailsService beans will not be used by Spring Security for automatically configuring username/password login. Consider removing the AuthenticationProvider bean. Alternatively, consider using the UserDetailsService in a manually instantiated DaoAuthenticationProvider. If the current configuration is intentional, to turn off this warning, increase the logging level of 'org.springframework.security.config.annotation.authentication.configuration.InitializeUserDetailsBeanManagerConfigurer' to ERROR
2026-09-03T13:24:42.438Z  WARN 29220 --- [smart_schoolapp] [           main] o.s.s.c.a.web.builders.WebSecurity       : You are asking Spring Security to ignore PathPattern [/css/**]. This is not recommended -- please use permitAll via HttpSecurity#authorizeHttpRequests instead.
2026-09-03T13:24:42.439Z  WARN 29220 --- [smart_schoolapp] [           main] o.s.s.c.a.web.builders.WebSecurity       : You are asking Spring Security to ignore PathPattern [/js/**]. This is not recommended -- please use permitAll via HttpSecurity#authorizeHttpRequests instead.
2026-09-03T13:24:42.439Z  WARN 29220 --- [smart_schoolapp] [           main] o.s.s.c.a.web.builders.WebSecurity       : You are asking Spring Security to ignore PathPattern [/images/**]. This is not recommended -- please use permitAll via HttpSecurity#authorizeHttpRequests instead.
2026-09-03T13:24:42.440Z  WARN 29220 --- [smart_schoolapp] [           main] o.s.s.c.a.web.builders.WebSecurity       : You are asking Spring Security to ignore PathPattern [/webjars/**]. This is not recommended -- please use permitAll via HttpSecurity#authorizeHttpRequests instead.
2026-09-03T13:24:42.440Z  WARN 29220 --- [smart_schoolapp] [           main] o.s.s.c.a.web.builders.WebSecurity       : You are asking Spring Security to ignore PathPattern [/favicon.ico]. This is not recommended -- please use permitAll via HttpSecurity#authorizeHttpRequests instead.
2026-09-03T13:24:44.659Z  INFO 29220 --- [smart_schoolapp] [           main] o.s.b.t.m.w.SpringBootMockServletContext : Initializing Spring TestDispatcherServlet ''
2026-09-03T13:24:44.660Z  INFO 29220 --- [smart_schoolapp] [           main] o.s.t.web.servlet.TestDispatcherServlet  : Initializing Servlet ''
2026-09-03T13:24:44.675Z  INFO 29220 --- [smart_schoolapp] [           main] o.s.t.web.servlet.TestDispatcherServlet  : Completed initialization in 15 ms
2026-09-03T13:24:44.807Z  INFO 29220 --- [smart_schoolapp] [           main] c.k.s.auth.AuthIntegrationTest           : Started AuthIntegrationTest in 55.912 seconds (process running for 62.353)
]]></system-out>
  </testcase>
  <testcase name="userLoginPageIsAccessible" classname="com.kantechsolution.smart_school.auth.AuthIntegrationTest" time="1.273"/>
  <testcase name="adminLoginPageIsAccessible" classname="com.kantechsolution.smart_school.auth.AuthIntegrationTest" time="0.205"/>
  <testcase name="studentDemoAccountAuthenticates" classname="com.kantechsolution.smart_school.auth.AuthIntegrationTest" time="0.14"/>
  <testcase name="demoAccountsAreLoadedFromDatabase" classname="com.kantechsolution.smart_school.auth.AuthIntegrationTest" time="0.036"/>
  <testcase name="invalidCredentialsAreRejected" classname="com.kantechsolution.smart_school.auth.AuthIntegrationTest" time="0.097"/>
  <testcase name="parentDemoAccountAuthenticates" classname="com.kantechsolution.smart_school.auth.AuthIntegrationTest" time="0.117"/>
</testsuite>