<?xml version="1.0" encoding="UTF-8"?>
<testsuite xmlns:xsi="http://www.w3.org/2001/XMLSchema-instance" xsi:noNamespaceSchemaLocation="https://maven.apache.org/surefire/maven-surefire-plugin/xsd/surefire-test-report.xsd" version="3.0.2" name="com.kantechsolution.smart_school.SmartSchoolApplicationTests" time="48.245" tests="4" errors="0" skipped="0" failures="0">
  <properties>
[...]
</properties>
  <testcase name="studentAccountIsLoadedFromDatabase" classname="com.kantechsolution.smart_school.SmartSchoolApplicationTests" time="1.742">
    <system-out><![CDATA[12:39:51.298 [main] INFO org.springframework.test.context.support.AnnotationConfigContextLoaderUtils -- Could not detect default configuration classes for test class [com.kantechsolution.smart_school.SmartSchoolApplicationTests]: SmartSchoolApplicationTests does not declare any static, non-private, non-final, nested classes annotated with @Configuration.
12:39:51.692 [main] INFO org.springframework.boot.test.context.SpringBootTestContextBootstrapper -- Found @SpringBootConfiguration com.kantechsolution.smart_school.SmartSchoolApplication for test class com.kantechsolution.smart_school.SmartSchoolApplicationTests

  .   ____          _            __ _ _
 /\\ / ___'_ __ _ _(_)_ __  __ _ \ \ \ \
( ( )\___ | '_ | '_| | '_ \/ _` | \ \ \ \
 \\/  ___)| |_)| | | | | || (_| |  ) ) ) )
  '  |____| .__|_| |_|_| |_\__, | / / / /
 =========|_|==============|___/=/_/_/_/

 :: Spring Boot ::                (v4.0.2)

2026-08-25T12:39:52.862Z  INFO 10232 --- [smart_schoolapp] [           main] c.k.s.SmartSchoolApplicationTests        : Starting SmartSchoolApplicationTests using Java 17.0.17 with PID 10232 (started by alhaj in c:\Users\alhaj\OneDrive\Desktop\School Application\smart_schoolapp)
2026-08-25T12:39:52.867Z  INFO 10232 --- [smart_schoolapp] [           main] c.k.s.SmartSchoolApplicationTests        : No active profile set, falling back to 1 default profile: "default"
2026-08-25T12:39:58.451Z  INFO 10232 --- [smart_schoolapp] [           main] .s.d.r.c.RepositoryConfigurationDelegate : Bootstrapping Spring Data JPA repositories in DEFAULT mode.
2026-08-25T12:39:59.953Z  INFO 10232 --- [smart_schoolapp] [           main] .s.d.r.c.RepositoryConfigurationDelegate : Finished Spring Data repository scanning in 1476 ms. Found 206 JPA repository interfaces.
2026-08-25T12:40:01.823Z  INFO 10232 --- [smart_schoolapp] [           main] org.hibernate.orm.jpa                    : HHH008540: Processing PersistenceUnitInfo [name: default]
2026-08-25T12:40:01.983Z  INFO 10232 --- [smart_schoolapp] [           main] org.hibernate.orm.core                   : HHH000001: Hibernate ORM core version 7.2.1.Final
2026-08-25T12:40:03.592Z  INFO 10232 --- [smart_schoolapp] [           main] o.s.o.j.p.SpringPersistenceUnitInfo      : No LoadTimeWeaver setup: ignoring JPA class transformer
2026-08-25T12:40:03.681Z  INFO 10232 --- [smart_schoolapp] [           main] com.zaxxer.hikari.HikariDataSource       : HikariPool-1 - Starting...
2026-08-25T12:40:04.173Z  INFO 10232 --- [smart_schoolapp] [           main] com.zaxxer.hikari.pool.HikariPool        : HikariPool-1 - Added connection com.mysql.cj.jdbc.ConnectionImpl@779ef5cb
2026-08-25T12:40:04.182Z  INFO 10232 --- [smart_schoolapp] [           main] com.zaxxer.hikari.HikariDataSource       : HikariPool-1 - Start completed.
2026-08-25T12:40:04.346Z  WARN 10232 --- [smart_schoolapp] [           main] org.hibernate.orm.deprecation            : HHH90000025: MySQLDialect does not need to be specified explicitly using 'hibernate.dialect' (remove the property setting and it will be selected by default)
2026-08-25T12:40:04.400Z  INFO 10232 --- [smart_schoolapp] [           main] org.hibernate.orm.connections.pooling    : HHH10001005: Database info:
	Database JDBC URL [jdbc:mysql://localhost:3306/smart_schoolapp?useSSL=false&serverTimezone=UTC&allowPublicKeyRetrieval=true&createDatabaseIfNotExist=true]
	Database driver: MySQL Connector/J
	Database dialect: MySQLDialect
	Database version: 8.0.44
	Default catalog/schema: smart_schoolapp/undefined
	Autocommit mode: undefined/unknown
	Isolation level: REPEATABLE_READ [default REPEATABLE_READ]
	JDBC fetch size: none
	Pool: DataSourceConnectionProvider
	Minimum pool size: undefined/unknown
	Maximum pool size: undefined/unknown
2026-08-25T12:40:12.799Z  INFO 10232 --- [smart_schoolapp] [           main] org.hibernate.orm.core                   : HHH000489: No JTA platform available (set 'hibernate.transaction.jta.platform' to enable JTA platform integration)
Hibernate: alter table announcements modify column announcement_type enum ('ACADEMIC','CULTURAL','EMERGENCY','EVENT','EXAMINATION','GENERAL','HOLIDAY','SPORTS')
Hibernate: alter table announcements modify column priority enum ('HIGH','LOW','NORMAL','URGENT')
Hibernate: alter table announcements modify column target_audience enum ('ALL','PARENTS','SPECIFIC_GRADE','STAFF','STUDENTS','TEACHERS')
Hibernate: alter table assignment_submissions modify column status enum ('GRADED','LATE_SUBMISSION','RESUBMISSION_REQUIRED','RETURNED','SUBMITTED')
Hibernate: alter table assignments modify column assignment_type enum ('CLASSWORK','HOMEWORK','OTHER','PROJECT','QUIZ')
Hibernate: alter table attendance modify column status enum ('ABSENT','EXCUSED','HALF_DAY','LATE','PRESENT','SICK_LEAVE') not null
Hibernate: alter table events modify column event_type enum ('ACADEMIC','CELEBRATION','COMPETITION','CULTURAL','FIELD_TRIP','OTHER','PARENT_TEACHER_MEETING','SEMINAR','SPORTS','WORKSHOP')
Hibernate: alter table events modify column status enum ('CANCELLED','COMPLETED','ONGOING','POSTPONED','SCHEDULED')
Hibernate: alter table exam_results modify column status enum ('ABSENT','FAIL','PASS','UNDER_REVIEW')
Hibernate: alter table exams modify column exam_type enum ('ANNUAL','ENTRANCE','FINAL_TERM','HALF_YEARLY','MID_TERM','OTHER','QUARTERLY','UNIT_TEST')
Hibernate: alter table fee_discounts modify column discount_type enum ('FIXED_AMOUNT','PERCENTAGE') not null
Hibernate: alter table fee_masters modify column fine_type enum ('CUMULATIVE','FIX_AMOUNT','NONE','PERCENTAGE') not null
Hibernate: alter table fee_reminders modify column reminder_type enum ('AFTER','BEFORE') not null
Hibernate: alter table fees modify column fee_type enum ('ADMISSION_FEE','EXAM_FEE','LABORATORY_FEE','LIBRARY_FEE','OTHER','SPORTS_FEE','TRANSPORT_FEE','TUITION_FEE') not null
Hibernate: alter table fees modify column payment_method enum ('BANK_TRANSFER','CASH','CHEQUE','CREDIT_CARD','DEBIT_CARD','ONLINE_PAYMENT')
Hibernate: alter table fees modify column payment_status enum ('OVERDUE','PAID','PARTIALLY_PAID','PENDING','REFUNDED','WAIVED') not null
Hibernate: alter table library_transactions modify column status enum ('DAMAGED','ISSUED','LOST','OVERDUE','RETURNED') not null
Hibernate: alter table offline_bank_payments modify column status enum ('APPROVED','PENDING') not null
Hibernate: alter table online_course_contents modify column content_type enum ('ASSIGNMENT','EXAM','LESSON','QUIZ') not null
Hibernate: alter table parents modify column relationship enum ('FATHER','GUARDIAN','MOTHER','OTHER')
Hibernate: alter table students modify column enrollment_status enum ('ACTIVE','GRADUATED','INACTIVE','TRANSFERRED','WITHDRAWN')
Hibernate: alter table students modify column gender enum ('FEMALE','MALE','OTHER') not null
Hibernate: alter table subjects modify column subject_type enum ('PRACTICAL','THEORY')
Hibernate: alter table teachers modify column gender enum ('FEMALE','MALE','OTHER')
Hibernate: alter table transport_fee_months modify column fine_type enum ('FIX','NONE','PERCENTAGE')
Hibernate: alter table users modify column role enum ('ADMIN','PARENT','STUDENT','SUPER_ADMIN','TEACHER') not null
2026-08-25T12:40:15.231Z  INFO 10232 --- [smart_schoolapp] [           main] j.LocalContainerEntityManagerFactoryBean : Initialized JPA EntityManagerFactory for persistence unit 'default'
2026-08-25T12:40:15.507Z  INFO 10232 --- [smart_schoolapp] [           main] o.s.d.j.r.query.QueryEnhancerFactories   : Hibernate is in classpath; If applicable, HQL parser will be used.
Hibernate: select count(*) from online_exams oe1_0
2026-08-25T12:40:29.301Z  WARN 10232 --- [smart_schoolapp] [           main] JpaBaseConfiguration$JpaWebConfiguration : spring.jpa.open-in-view is enabled by default. Therefore, database queries may be performed during view rendering. Explicitly configure spring.jpa.open-in-view to disable this warning
2026-08-25T12:40:29.572Z  INFO 10232 --- [smart_schoolapp] [           main] eAuthenticationProviderManagerConfigurer : Global AuthenticationManager configured with AuthenticationProvider bean with name daoAuthenticationProvider
2026-08-25T12:40:29.574Z  WARN 10232 --- [smart_schoolapp] [           main] r$InitializeUserDetailsManagerConfigurer : Global AuthenticationManager configured with an AuthenticationProvider bean. UserDetailsService beans will not be used by Spring Security for automatically configuring username/password login. Consider removing the AuthenticationProvider bean. Alternatively, consider using the UserDetailsService in a manually instantiated DaoAuthenticationProvider. If the current configuration is intentional, to turn off this warning, increase the logging level of 'org.springframework.security.config.annotation.authentication.configuration.InitializeUserDetailsBeanManagerConfigurer' to ERROR
2026-08-25T12:40:30.323Z  WARN 10232 --- [smart_schoolapp] [           main] o.s.s.c.a.web.builders.WebSecurity       : You are asking Spring Security to ignore PathPattern [/css/**]. This is not recommended -- please use permitAll via HttpSecurity#authorizeHttpRequests instead.
2026-08-25T12:40:30.324Z  WARN 10232 --- [smart_schoolapp] [           main] o.s.s.c.a.web.builders.WebSecurity       : You are asking Spring Security to ignore PathPattern [/js/**]. This is not recommended -- please use permitAll via HttpSecurity#authorizeHttpRequests instead.
2026-08-25T12:40:30.324Z  WARN 10232 --- [smart_schoolapp] [           main] o.s.s.c.a.web.builders.WebSecurity       : You are asking Spring Security to ignore PathPattern [/images/**]. This is not recommended -- please use permitAll via HttpSecurity#authorizeHttpRequests instead.
2026-08-25T12:40:30.325Z  WARN 10232 --- [smart_schoolapp] [           main] o.s.s.c.a.web.builders.WebSecurity       : You are asking Spring Security to ignore PathPattern [/webjars/**]. This is not recommended -- please use permitAll via HttpSecurity#authorizeHttpRequests instead.
2026-08-25T12:40:30.325Z  WARN 10232 --- [smart_schoolapp] [           main] o.s.s.c.a.web.builders.WebSecurity       : You are asking Spring Security to ignore PathPattern [/favicon.ico]. This is not recommended -- please use permitAll via HttpSecurity#authorizeHttpRequests instead.
2026-08-25T12:40:32.274Z  INFO 10232 --- [smart_schoolapp] [           main] c.k.s.SmartSchoolApplicationTests        : Started SmartSchoolApplicationTests in 40.075 seconds (process running for 43.824)
Hibernate: select count(*) from holiday_types ht1_0
Hibernate: select count(*) from annual_holidays ah1_0
Hibernate: select count(*) from school_general_settings sgs1_0
Hibernate: select count(*) from school_logo_settings sls1_0
Hibernate: select count(*) from departments d1_0
Hibernate: select count(*) from academic_sessions as1_0
Hibernate: select as1_0.id,as1_0.created_at,as1_0.is_current,as1_0.is_active,as1_0.session_name,as1_0.updated_at from academic_sessions as1_0 where upper(as1_0.session_name)=upper(?)
Hibernate: select as1_0.id,as1_0.created_at,as1_0.is_current,as1_0.is_active,as1_0.session_name,as1_0.updated_at from academic_sessions as1_0 where upper(as1_0.session_name)=upper(?)
Hibernate: select as1_0.id,as1_0.created_at,as1_0.is_current,as1_0.is_active,as1_0.session_name,as1_0.updated_at from academic_sessions as1_0 where upper(as1_0.session_name)=upper(?)
Hibernate: select as1_0.id,as1_0.created_at,as1_0.is_current,as1_0.is_active,as1_0.session_name,as1_0.updated_at from academic_sessions as1_0 where upper(as1_0.session_name)=upper(?)
Hibernate: select as1_0.id,as1_0.created_at,as1_0.is_current,as1_0.is_active,as1_0.session_name,as1_0.updated_at from academic_sessions as1_0 where upper(as1_0.session_name)=upper(?)
Hibernate: select as1_0.id,as1_0.created_at,as1_0.is_current,as1_0.is_active,as1_0.session_name,as1_0.updated_at from academic_sessions as1_0 where upper(as1_0.session_name)=upper(?)
Hibernate: select as1_0.id,as1_0.created_at,as1_0.is_current,as1_0.is_active,as1_0.session_name,as1_0.updated_at from academic_sessions as1_0 where upper(as1_0.session_name)=upper(?)
Hibernate: select as1_0.id,as1_0.created_at,as1_0.is_current,as1_0.is_active,as1_0.session_name,as1_0.updated_at from academic_sessions as1_0 where upper(as1_0.session_name)=upper(?)
Hibernate: select as1_0.id,as1_0.created_at,as1_0.is_current,as1_0.is_active,as1_0.session_name,as1_0.updated_at from academic_sessions as1_0 where upper(as1_0.session_name)=upper(?)
Hibernate: select as1_0.id,as1_0.created_at,as1_0.is_current,as1_0.is_active,as1_0.session_name,as1_0.updated_at from academic_sessions as1_0 where upper(as1_0.session_name)=upper(?)
Hibernate: select as1_0.id,as1_0.created_at,as1_0.is_current,as1_0.is_active,as1_0.session_name,as1_0.updated_at from academic_sessions as1_0 where upper(as1_0.session_name)=upper(?)
Hibernate: select as1_0.id,as1_0.created_at,as1_0.is_current,as1_0.is_active,as1_0.session_name,as1_0.updated_at from academic_sessions as1_0 where upper(as1_0.session_name)=upper(?)
Hibernate: select as1_0.id,as1_0.created_at,as1_0.is_current,as1_0.is_active,as1_0.session_name,as1_0.updated_at from academic_sessions as1_0 where upper(as1_0.session_name)=upper(?)
Hibernate: select as1_0.id,as1_0.created_at,as1_0.is_current,as1_0.is_active,as1_0.session_name,as1_0.updated_at from academic_sessions as1_0 where upper(as1_0.session_name)=upper(?)
Hibernate: select as1_0.id,as1_0.created_at,as1_0.is_current,as1_0.is_active,as1_0.session_name,as1_0.updated_at from academic_sessions as1_0 where upper(as1_0.session_name)=upper(?)
Hibernate: select as1_0.id,as1_0.created_at,as1_0.is_current,as1_0.is_active,as1_0.session_name,as1_0.updated_at from academic_sessions as1_0 where upper(as1_0.session_name)=upper(?)
Hibernate: select as1_0.id,as1_0.created_at,as1_0.is_current,as1_0.is_active,as1_0.session_name,as1_0.updated_at from academic_sessions as1_0 where upper(as1_0.session_name)=upper(?)
Hibernate: select as1_0.id,as1_0.created_at,as1_0.is_current,as1_0.is_active,as1_0.session_name,as1_0.updated_at from academic_sessions as1_0 where upper(as1_0.session_name)=upper(?)
Hibernate: select as1_0.id,as1_0.created_at,as1_0.is_current,as1_0.is_active,as1_0.session_name,as1_0.updated_at from academic_sessions as1_0 where upper(as1_0.session_name)=upper(?)
Hibernate: select as1_0.id,as1_0.created_at,as1_0.is_current,as1_0.is_active,as1_0.session_name,as1_0.updated_at from academic_sessions as1_0 where upper(as1_0.session_name)=upper(?)
Hibernate: select as1_0.id,as1_0.created_at,as1_0.is_current,as1_0.is_active,as1_0.session_name,as1_0.updated_at from academic_sessions as1_0 where upper(as1_0.session_name)=upper(?)
Hibernate: select as1_0.id,as1_0.created_at,as1_0.is_current,as1_0.is_active,as1_0.session_name,as1_0.updated_at from academic_sessions as1_0 where upper(as1_0.session_name)=upper(?)
Hibernate: select as1_0.id,as1_0.created_at,as1_0.is_current,as1_0.is_active,as1_0.session_name,as1_0.updated_at from academic_sessions as1_0 where upper(as1_0.session_name)=upper(?)
Hibernate: select as1_0.id,as1_0.created_at,as1_0.is_current,as1_0.is_active,as1_0.session_name,as1_0.updated_at from academic_sessions as1_0 where upper(as1_0.session_name)=upper(?)
Hibernate: select count(*) from designations d1_0
Hibernate: select count(*) from staff_members sm1_0
Hibernate: select count(*) from staff_leave_types slt1_0
Hibernate: select count(*) from staff_leave_requests slr1_0
Hibernate: select count(*) from staff_teacher_ratings str1_0
Hibernate: select count(*) from lesson_plan_lessons lpl1_0
Hibernate: select count(*) from lesson_plan_syllabus_status lpss1_0
Hibernate: select count(*) from lesson_plan_schedules lps1_0
Hibernate: select count(*) from inventory_item_categories iic1_0
Hibernate: select iis1_0.id,iis1_0.address,iis1_0.contact_person_email,iis1_0.contact_person_name,iis1_0.contact_person_phone,iis1_0.created_at,iis1_0.description,iis1_0.email,iis1_0.is_active,iis1_0.name,iis1_0.phone,iis1_0.updated_at from inventory_item_suppliers iis1_0 where upper(iis1_0.name)=upper(?)
Hibernate: select iis1_0.id,iis1_0.address,iis1_0.contact_person_email,iis1_0.contact_person_name,iis1_0.contact_person_phone,iis1_0.created_at,iis1_0.description,iis1_0.email,iis1_0.is_active,iis1_0.name,iis1_0.phone,iis1_0.updated_at from inventory_item_suppliers iis1_0 where upper(iis1_0.name)=upper(?)
Hibernate: select iis1_0.id,iis1_0.address,iis1_0.contact_person_email,iis1_0.contact_person_name,iis1_0.contact_person_phone,iis1_0.created_at,iis1_0.description,iis1_0.email,iis1_0.is_active,iis1_0.name,iis1_0.phone,iis1_0.updated_at from inventory_item_suppliers iis1_0 where upper(iis1_0.name)=upper(?)
Hibernate: select iis1_0.id,iis1_0.code,iis1_0.created_at,iis1_0.description,iis1_0.is_active,iis1_0.name,iis1_0.updated_at from inventory_item_stores iis1_0 where upper(iis1_0.name)=upper(?)
Hibernate: select iis1_0.id,iis1_0.code,iis1_0.created_at,iis1_0.description,iis1_0.is_active,iis1_0.name,iis1_0.updated_at from inventory_item_stores iis1_0 where upper(iis1_0.name)=upper(?)
Hibernate: select iis1_0.id,iis1_0.code,iis1_0.created_at,iis1_0.description,iis1_0.is_active,iis1_0.name,iis1_0.updated_at from inventory_item_stores iis1_0 where upper(iis1_0.name)=upper(?)
Hibernate: select iis1_0.id,iis1_0.code,iis1_0.created_at,iis1_0.description,iis1_0.is_active,iis1_0.name,iis1_0.updated_at from inventory_item_stores iis1_0 where upper(iis1_0.name)=upper(?)
Hibernate: select iis1_0.id,iis1_0.code,iis1_0.created_at,iis1_0.description,iis1_0.is_active,iis1_0.name,iis1_0.updated_at from inventory_item_stores iis1_0 where upper(iis1_0.name)=upper(?)
Hibernate: select iis1_0.id,iis1_0.code,iis1_0.created_at,iis1_0.description,iis1_0.is_active,iis1_0.name,iis1_0.updated_at from inventory_item_stores iis1_0 where upper(iis1_0.name)=upper(?)
Hibernate: select iic1_0.id,iic1_0.created_at,iic1_0.description,iic1_0.is_active,iic1_0.name,iic1_0.updated_at from inventory_item_categories iic1_0 where upper(iic1_0.name)=upper(?)
Hibernate: select ii1_0.id from inventory_items ii1_0 where upper(ii1_0.name)=upper(?) and ii1_0.category_id=? limit ?
Hibernate: select count(*) from lesson_plan_details lpd1_0
Hibernate: select ii1_0.id,ii1_0.available_quantity,ii1_0.category_id,ii1_0.created_at,ii1_0.description,ii1_0.is_active,ii1_0.name,ii1_0.unit,ii1_0.updated_at from inventory_items ii1_0
Hibernate: select as1_0.id,as1_0.created_at,as1_0.is_current,as1_0.is_active,as1_0.session_name,as1_0.updated_at from academic_sessions as1_0 where as1_0.is_current=true
Hibernate: select lpl1_0.id,lpl1_0.academic_session,lpl1_0.class_id,lpl1_0.class_name,lpl1_0.created_at,lpl1_0.is_active,lpl1_0.lesson_name,lpl1_0.section,lpl1_0.subject_code,lpl1_0.subject_group_id,lpl1_0.subject_group_name,lpl1_0.subject_id,lpl1_0.subject_name,lpl1_0.updated_at from lesson_plan_lessons lpl1_0 order by lpl1_0.class_name,lpl1_0.section,lpl1_0.lesson_name,lpl1_0.id
Hibernate: select t1_0.lesson_id,t1_0.id,t1_0.created_at,t1_0.is_active,t1_0.topic_name,t1_0.updated_at from lesson_plan_topics t1_0 where t1_0.lesson_id=? order by t1_0.id
Hibernate: select t1_0.lesson_id,t1_0.id,t1_0.created_at,t1_0.is_active,t1_0.topic_name,t1_0.updated_at from lesson_plan_topics t1_0 where t1_0.lesson_id=? order by t1_0.id
Hibernate: select t1_0.lesson_id,t1_0.id,t1_0.created_at,t1_0.is_active,t1_0.topic_name,t1_0.updated_at from lesson_plan_topics t1_0 where t1_0.lesson_id=? order by t1_0.id
Hibernate: select t1_0.lesson_id,t1_0.id,t1_0.created_at,t1_0.is_active,t1_0.topic_name,t1_0.updated_at from lesson_plan_topics t1_0 where t1_0.lesson_id=? order by t1_0.id
Hibernate: select t1_0.lesson_id,t1_0.id,t1_0.created_at,t1_0.is_active,t1_0.topic_name,t1_0.updated_at from lesson_plan_topics t1_0 where t1_0.lesson_id=? order by t1_0.id
Hibernate: select t1_0.lesson_id,t1_0.id,t1_0.created_at,t1_0.is_active,t1_0.topic_name,t1_0.updated_at from lesson_plan_topics t1_0 where t1_0.lesson_id=? order by t1_0.id
Hibernate: select t1_0.lesson_id,t1_0.id,t1_0.created_at,t1_0.is_active,t1_0.topic_name,t1_0.updated_at from lesson_plan_topics t1_0 where t1_0.lesson_id=? order by t1_0.id
Hibernate: select t1_0.lesson_id,t1_0.id,t1_0.created_at,t1_0.is_active,t1_0.topic_name,t1_0.updated_at from lesson_plan_topics t1_0 where t1_0.lesson_id=? order by t1_0.id
Hibernate: select t1_0.lesson_id,t1_0.id,t1_0.created_at,t1_0.is_active,t1_0.topic_name,t1_0.updated_at from lesson_plan_topics t1_0 where t1_0.lesson_id=? order by t1_0.id
Hibernate: select t1_0.lesson_id,t1_0.id,t1_0.created_at,t1_0.is_active,t1_0.topic_name,t1_0.updated_at from lesson_plan_topics t1_0 where t1_0.lesson_id=? order by t1_0.id
Hibernate: select t1_0.lesson_id,t1_0.id,t1_0.created_at,t1_0.is_active,t1_0.topic_name,t1_0.updated_at from lesson_plan_topics t1_0 where t1_0.lesson_id=? order by t1_0.id
Hibernate: select t1_0.lesson_id,t1_0.id,t1_0.created_at,t1_0.is_active,t1_0.topic_name,t1_0.updated_at from lesson_plan_topics t1_0 where t1_0.lesson_id=? order by t1_0.id
Hibernate: select t1_0.lesson_id,t1_0.id,t1_0.created_at,t1_0.is_active,t1_0.topic_name,t1_0.updated_at from lesson_plan_topics t1_0 where t1_0.lesson_id=? order by t1_0.id
Hibernate: select lpl1_0.id,lpl1_0.academic_session,lpl1_0.class_id,lpl1_0.class_name,lpl1_0.created_at,lpl1_0.is_active,lpl1_0.lesson_name,lpl1_0.section,lpl1_0.subject_code,lpl1_0.subject_group_id,lpl1_0.subject_group_name,lpl1_0.subject_id,lpl1_0.subject_name,lpl1_0.updated_at from lesson_plan_lessons lpl1_0 where upper(lpl1_0.academic_session)=upper(?) and lpl1_0.class_id=? and upper(lpl1_0.section)=upper(?) and lpl1_0.subject_group_id=? and lpl1_0.subject_id=? order by lpl1_0.lesson_name
Hibernate: select tfm1_0.id,tfm1_0.created_at,tfm1_0.due_date,tfm1_0.fine_type,tfm1_0.fixed_amount,tfm1_0.is_active,tfm1_0.month_index,tfm1_0.month_name,tfm1_0.percentage,tfm1_0.updated_at from transport_fee_months tfm1_0 where upper(tfm1_0.month_name)=upper(?)
Hibernate: select tfm1_0.id,tfm1_0.created_at,tfm1_0.due_date,tfm1_0.fine_type,tfm1_0.fixed_amount,tfm1_0.is_active,tfm1_0.month_index,tfm1_0.month_name,tfm1_0.percentage,tfm1_0.updated_at from transport_fee_months tfm1_0 where upper(tfm1_0.month_name)=upper(?)
Hibernate: select tfm1_0.id,tfm1_0.created_at,tfm1_0.due_date,tfm1_0.fine_type,tfm1_0.fixed_amount,tfm1_0.is_active,tfm1_0.month_index,tfm1_0.month_name,tfm1_0.percentage,tfm1_0.updated_at from transport_fee_months tfm1_0 where upper(tfm1_0.month_name)=upper(?)
Hibernate: select tfm1_0.id,tfm1_0.created_at,tfm1_0.due_date,tfm1_0.fine_type,tfm1_0.fixed_amount,tfm1_0.is_active,tfm1_0.month_index,tfm1_0.month_name,tfm1_0.percentage,tfm1_0.updated_at from transport_fee_months tfm1_0 where upper(tfm1_0.month_name)=upper(?)
Hibernate: select tfm1_0.id,tfm1_0.created_at,tfm1_0.due_date,tfm1_0.fine_type,tfm1_0.fixed_amount,tfm1_0.is_active,tfm1_0.month_index,tfm1_0.month_name,tfm1_0.percentage,tfm1_0.updated_at from transport_fee_months tfm1_0 where upper(tfm1_0.month_name)=upper(?)
Hibernate: select tfm1_0.id,tfm1_0.created_at,tfm1_0.due_date,tfm1_0.fine_type,tfm1_0.fixed_amount,tfm1_0.is_active,tfm1_0.month_index,tfm1_0.month_name,tfm1_0.percentage,tfm1_0.updated_at from transport_fee_months tfm1_0 where upper(tfm1_0.month_name)=upper(?)
Hibernate: select tfm1_0.id,tfm1_0.created_at,tfm1_0.due_date,tfm1_0.fine_type,tfm1_0.fixed_amount,tfm1_0.is_active,tfm1_0.month_index,tfm1_0.month_name,tfm1_0.percentage,tfm1_0.updated_at from transport_fee_months tfm1_0 where upper(tfm1_0.month_name)=upper(?)
Hibernate: select tfm1_0.id,tfm1_0.created_at,tfm1_0.due_date,tfm1_0.fine_type,tfm1_0.fixed_amount,tfm1_0.is_active,tfm1_0.month_index,tfm1_0.month_name,tfm1_0.percentage,tfm1_0.updated_at from transport_fee_months tfm1_0 where upper(tfm1_0.month_name)=upper(?)
Hibernate: select tfm1_0.id,tfm1_0.created_at,tfm1_0.due_date,tfm1_0.fine_type,tfm1_0.fixed_amount,tfm1_0.is_active,tfm1_0.month_index,tfm1_0.month_name,tfm1_0.percentage,tfm1_0.updated_at from transport_fee_months tfm1_0 where upper(tfm1_0.month_name)=upper(?)
Hibernate: select tfm1_0.id,tfm1_0.created_at,tfm1_0.due_date,tfm1_0.fine_type,tfm1_0.fixed_amount,tfm1_0.is_active,tfm1_0.month_index,tfm1_0.month_name,tfm1_0.percentage,tfm1_0.updated_at from transport_fee_months tfm1_0 where upper(tfm1_0.month_name)=upper(?)
Hibernate: select tfm1_0.id,tfm1_0.created_at,tfm1_0.due_date,tfm1_0.fine_type,tfm1_0.fixed_amount,tfm1_0.is_active,tfm1_0.month_index,tfm1_0.month_name,tfm1_0.percentage,tfm1_0.updated_at from transport_fee_months tfm1_0 where upper(tfm1_0.month_name)=upper(?)
Hibernate: select tfm1_0.id,tfm1_0.created_at,tfm1_0.due_date,tfm1_0.fine_type,tfm1_0.fixed_amount,tfm1_0.is_active,tfm1_0.month_index,tfm1_0.month_name,tfm1_0.percentage,tfm1_0.updated_at from transport_fee_months tfm1_0 where upper(tfm1_0.month_name)=upper(?)
Hibernate: select count(*) from transport_routes tr1_0
Hibernate: select count(*) from transport_pickup_points tpp1_0
Hibernate: select count(*) from transport_vehicles tv1_0
Hibernate: select count(*) from student_cv_settings scs1_0
Hibernate: select count(*) from student_certificate_templates sct1_0
Hibernate: select count(*) from student_id_card_templates sict1_0
Hibernate: select count(*) from staff_id_card_templates sict1_0
Hibernate: select count(*) from content_type_settings cts1_0
Hibernate: select count(*) from front_cms_events fce1_0
Hibernate: select count(*) from front_cms_pages fcp1_0
Hibernate: select count(*) from front_cms_menus fcm1_0
Hibernate: select count(*) from front_cms_menu_items fcmi1_0
Hibernate: select count(*) from front_cms_galleries fcg1_0
Hibernate: select count(*) from front_cms_news fcn1_0
Hibernate: select aua1_0.id,aua1_0.created_at,aua1_0.is_active,aua1_0.login_enabled,aua1_0.password_hash,aua1_0.source_id,aua1_0.updated_at,aua1_0.user_type,aua1_0.username from app_user_accounts aua1_0 where upper(aua1_0.username)=upper(?)
Hibernate: update app_user_accounts set is_active=?,login_enabled=?,password_hash=?,source_id=?,updated_at=?,user_type=?,username=? where id=?
Hibernate: select aua1_0.id,aua1_0.created_at,aua1_0.is_active,aua1_0.login_enabled,aua1_0.password_hash,aua1_0.source_id,aua1_0.updated_at,aua1_0.user_type,aua1_0.username from app_user_accounts aua1_0 where upper(aua1_0.username)=upper(?)
Hibernate: select sa1_0.id,sa1_0.admission_date,sa1_0.admission_no,sa1_0.bank_account_number,sa1_0.bank_name,sa1_0.blood_group,sa1_0.category_id,sa1_0.created_at,sa1_0.current_address,sa1_0.date_of_birth,sa1_0.disable_reason,sa1_0.disabled,sa1_0.email,sa1_0.enrolled,sa1_0.father_name,sa1_0.father_occupation,sa1_0.father_phone,sa1_0.fees_month,sa1_0.first_name,sa1_0.form_status,sa1_0.gender,sa1_0.guardian_address,sa1_0.guardian_email,sa1_0.guardian_is,sa1_0.guardian_name,sa1_0.guardian_occupation,sa1_0.guardian_phone,sa1_0.guardian_relation,sa1_0.height,sa1_0.hostel_id,sa1_0.hostel_room_id,sa1_0.house_id,sa1_0.ifsc_code,sa1_0.last_name,sa1_0.local_id,sa1_0.measurement_date,sa1_0.medical_history,sa1_0.mobile_number,sa1_0.mother_name,sa1_0.mother_occupation,sa1_0.mother_phone,sa1_0.national_id,sa1_0.note,sa1_0.online_admission,sa1_0.payment_status,sa1_0.permanent_address,sa1_0.photo_path,sa1_0.pickup_point,sa1_0.previous_school_details,sa1_0.reference_no,sa1_0.religion,sa1_0.roll_number,sa1_0.route_list,sa1_0.rte,sa1_0.school_class_id,sa1_0.section_name,sa1_0.updated_at,sa1_0.weight from student_admissions sa1_0 where (? is null or sa1_0.school_class_id=?) and (? is null or ?='' or lower(sa1_0.section_name)=lower(?)) and (? is null or sa1_0.disabled=?) and (? is null or sa1_0.online_admission=?) and (? is null or ?='' or lower(sa1_0.first_name) like lower(concat('%',?,'%')) escape '' or lower(sa1_0.last_name) like lower(concat('%',?,'%')) escape '' or lower(concat(coalesce(sa1_0.first_name,''),' ',coalesce(sa1_0.last_name,''))) like lower(concat('%',?,'%')) escape '' or lower(coalesce(sa1_0.roll_number,'')) like lower(concat('%',?,'%')) escape '' or lower(coalesce(sa1_0.admission_no,'')) like lower(concat('%',?,'%')) escape '' or lower(coalesce(sa1_0.reference_no,'')) like lower(concat('%',?,'%')) escape '' or lower(coalesce(sa1_0.national_id,'')) like lower(concat('%',?,'%')) escape '' or lower(coalesce(sa1_0.local_id,'')) like lower(concat('%',?,'%')) escape '' or lower(coalesce(sa1_0.mobile_number,'')) like lower(concat('%',?,'%')) escape '') order by sa1_0.id desc
Hibernate: select sc1_0.id,sc1_0.category_name,sc1_0.created_at,sc1_0.updated_at from student_categories sc1_0 where sc1_0.id=?
Hibernate: select sh1_0.id,sh1_0.created_at,sh1_0.description,sh1_0.name,sh1_0.updated_at from school_houses sh1_0 where sh1_0.id=?
Hibernate: select sc1_0.id,sc1_0.created_at,sc1_0.name,s1_0.school_class_id,s1_0.section_order,s1_0.section_name,sc1_0.updated_at from school_classes sc1_0 left join school_class_sections s1_0 on sc1_0.id=s1_0.school_class_id where sc1_0.id=?
Hibernate: select sc1_0.id,sc1_0.category_name,sc1_0.created_at,sc1_0.updated_at from student_categories sc1_0 where sc1_0.id=?
Hibernate: select h1_0.id,h1_0.address,h1_0.created_at,h1_0.description,h1_0.hostel_name,h1_0.intake,h1_0.hostel_type,h1_0.updated_at from hostels h1_0 where h1_0.id=?
Hibernate: select hr1_0.id,hr1_0.cost_per_bed,hr1_0.created_at,hr1_0.description,hr1_0.hostel_id,h1_0.id,h1_0.address,h1_0.created_at,h1_0.description,h1_0.hostel_name,h1_0.intake,h1_0.hostel_type,h1_0.updated_at,hr1_0.number_of_bed,hr1_0.room_number,hr1_0.room_type_id,rt1_0.id,rt1_0.created_at,rt1_0.description,rt1_0.room_type,rt1_0.updated_at,hr1_0.updated_at from hostel_rooms hr1_0 join hostels h1_0 on h1_0.id=hr1_0.hostel_id join room_types rt1_0 on rt1_0.id=hr1_0.room_type_id where hr1_0.id=?
Hibernate: select sh1_0.id,sh1_0.created_at,sh1_0.description,sh1_0.name,sh1_0.updated_at from school_houses sh1_0 where sh1_0.id=?
Hibernate: select h1_0.id,h1_0.address,h1_0.created_at,h1_0.description,h1_0.hostel_name,h1_0.intake,h1_0.hostel_type,h1_0.updated_at from hostels h1_0 where h1_0.id=?
Hibernate: select hr1_0.id,hr1_0.cost_per_bed,hr1_0.created_at,hr1_0.description,hr1_0.hostel_id,h1_0.id,h1_0.address,h1_0.created_at,h1_0.description,h1_0.hostel_name,h1_0.intake,h1_0.hostel_type,h1_0.updated_at,hr1_0.number_of_bed,hr1_0.room_number,hr1_0.room_type_id,rt1_0.id,rt1_0.created_at,rt1_0.description,rt1_0.room_type,rt1_0.updated_at,hr1_0.updated_at from hostel_rooms hr1_0 join hostels h1_0 on h1_0.id=hr1_0.hostel_id join room_types rt1_0 on rt1_0.id=hr1_0.room_type_id where hr1_0.id=?
Hibernate: select sh1_0.id,sh1_0.created_at,sh1_0.description,sh1_0.name,sh1_0.updated_at from school_houses sh1_0 where sh1_0.id=?
Hibernate: update app_user_accounts set is_active=?,login_enabled=?,password_hash=?,source_id=?,updated_at=?,user_type=?,username=? where id=?
Hibernate: select aua1_0.id,aua1_0.created_at,aua1_0.is_active,aua1_0.login_enabled,aua1_0.password_hash,aua1_0.source_id,aua1_0.updated_at,aua1_0.user_type,aua1_0.username from app_user_accounts aua1_0 where upper(aua1_0.username)=upper(?)
Hibernate: select aua1_0.id,aua1_0.created_at,aua1_0.is_active,aua1_0.login_enabled,aua1_0.password_hash,aua1_0.source_id,aua1_0.updated_at,aua1_0.user_type,aua1_0.username from app_user_accounts aua1_0 where aua1_0.user_type=? and aua1_0.source_id=?
Hibernate: update app_user_accounts set is_active=?,login_enabled=?,password_hash=?,source_id=?,updated_at=?,user_type=?,username=? where id=?
Hibernate: select aua1_0.id,aua1_0.created_at,aua1_0.is_active,aua1_0.login_enabled,aua1_0.password_hash,aua1_0.source_id,aua1_0.updated_at,aua1_0.user_type,aua1_0.username from app_user_accounts aua1_0 where upper(aua1_0.username)=upper(?)
Hibernate: select aua1_0.id,aua1_0.created_at,aua1_0.is_active,aua1_0.login_enabled,aua1_0.password_hash,aua1_0.source_id,aua1_0.updated_at,aua1_0.user_type,aua1_0.username from app_user_accounts aua1_0 where aua1_0.user_type=? and aua1_0.source_id=?
Hibernate: select sa1_0.id,sa1_0.admission_date,sa1_0.admission_no,sa1_0.bank_account_number,sa1_0.bank_name,sa1_0.blood_group,sa1_0.category_id,sa1_0.created_at,sa1_0.current_address,sa1_0.date_of_birth,sa1_0.disable_reason,sa1_0.disabled,sa1_0.email,sa1_0.enrolled,sa1_0.father_name,sa1_0.father_occupation,sa1_0.father_phone,sa1_0.fees_month,sa1_0.first_name,sa1_0.form_status,sa1_0.gender,sa1_0.guardian_address,sa1_0.guardian_email,sa1_0.guardian_is,sa1_0.guardian_name,sa1_0.guardian_occupation,sa1_0.guardian_phone,sa1_0.guardian_relation,sa1_0.height,sa1_0.hostel_id,sa1_0.hostel_room_id,sa1_0.house_id,sa1_0.ifsc_code,sa1_0.last_name,sa1_0.local_id,sa1_0.measurement_date,sa1_0.medical_history,sa1_0.mobile_number,sa1_0.mother_name,sa1_0.mother_occupation,sa1_0.mother_phone,sa1_0.national_id,sa1_0.note,sa1_0.online_admission,sa1_0.payment_status,sa1_0.permanent_address,sa1_0.photo_path,sa1_0.pickup_point,sa1_0.previous_school_details,sa1_0.reference_no,sa1_0.religion,sa1_0.roll_number,sa1_0.route_list,sa1_0.rte,sa1_0.school_class_id,sa1_0.section_name,sa1_0.updated_at,sa1_0.weight from student_admissions sa1_0 where (? is null or sa1_0.school_class_id=?) and (? is null or ?='' or lower(sa1_0.section_name)=lower(?)) and (? is null or sa1_0.disabled=?) and (? is null or sa1_0.online_admission=?) and (? is null or ?='' or lower(sa1_0.first_name) like lower(concat('%',?,'%')) escape '' or lower(sa1_0.last_name) like lower(concat('%',?,'%')) escape '' or lower(concat(coalesce(sa1_0.first_name,''),' ',coalesce(sa1_0.last_name,''))) like lower(concat('%',?,'%')) escape '' or lower(coalesce(sa1_0.roll_number,'')) like lower(concat('%',?,'%')) escape '' or lower(coalesce(sa1_0.admission_no,'')) like lower(concat('%',?,'%')) escape '' or lower(coalesce(sa1_0.reference_no,'')) like lower(concat('%',?,'%')) escape '' or lower(coalesce(sa1_0.national_id,'')) like lower(concat('%',?,'%')) escape '' or lower(coalesce(sa1_0.local_id,'')) like lower(concat('%',?,'%')) escape '' or lower(coalesce(sa1_0.mobile_number,'')) like lower(concat('%',?,'%')) escape '') order by sa1_0.id desc
Hibernate: update app_user_accounts set is_active=?,login_enabled=?,password_hash=?,source_id=?,updated_at=?,user_type=?,username=? where id=?
Hibernate: select aua1_0.id,aua1_0.created_at,aua1_0.is_active,aua1_0.login_enabled,aua1_0.password_hash,aua1_0.source_id,aua1_0.updated_at,aua1_0.user_type,aua1_0.username from app_user_accounts aua1_0 where aua1_0.user_type=? and aua1_0.source_id=?
Hibernate: select aua1_0.id,aua1_0.created_at,aua1_0.is_active,aua1_0.login_enabled,aua1_0.password_hash,aua1_0.source_id,aua1_0.updated_at,aua1_0.user_type,aua1_0.username from app_user_accounts aua1_0 where aua1_0.user_type=? and aua1_0.source_id=?
Hibernate: select aua1_0.id,aua1_0.created_at,aua1_0.is_active,aua1_0.login_enabled,aua1_0.password_hash,aua1_0.source_id,aua1_0.updated_at,aua1_0.user_type,aua1_0.username from app_user_accounts aua1_0 where aua1_0.user_type=? and aua1_0.source_id=?
Hibernate: select aua1_0.id,aua1_0.created_at,aua1_0.is_active,aua1_0.login_enabled,aua1_0.password_hash,aua1_0.source_id,aua1_0.updated_at,aua1_0.user_type,aua1_0.username from app_user_accounts aua1_0 where aua1_0.user_type=? and aua1_0.source_id=?
Hibernate: select aua1_0.id,aua1_0.created_at,aua1_0.is_active,aua1_0.login_enabled,aua1_0.password_hash,aua1_0.source_id,aua1_0.updated_at,aua1_0.user_type,aua1_0.username from app_user_accounts aua1_0 where aua1_0.user_type=? and aua1_0.source_id=?
Hibernate: select aua1_0.id,aua1_0.created_at,aua1_0.is_active,aua1_0.login_enabled,aua1_0.password_hash,aua1_0.source_id,aua1_0.updated_at,aua1_0.user_type,aua1_0.username from app_user_accounts aua1_0 where aua1_0.user_type=? and aua1_0.source_id=?
Hibernate: select aua1_0.id,aua1_0.created_at,aua1_0.is_active,aua1_0.login_enabled,aua1_0.password_hash,aua1_0.source_id,aua1_0.updated_at,aua1_0.user_type,aua1_0.username from app_user_accounts aua1_0
Hibernate: select count(*) from alumni_students a1_0
Hibernate: select count(*) from alumni_events ae1_0
Hibernate: select ae1_0.id,ae1_0.class_id,ae1_0.class_name,ae1_0.created_at,ae1_0.event_for,ae1_0.from_date,ae1_0.is_active,ae1_0.note,ae1_0.notification_message,ae1_0.notify_email,ae1_0.notify_sms,ae1_0.photo_url,ae1_0.section_name,ae1_0.session_id,ae1_0.session_name,ae1_0.sms_template_id,ae1_0.title,ae1_0.to_date,ae1_0.updated_at from alumni_events ae1_0
Hibernate: select wc1_0.id,wc1_0.active_provider,wc1_0.created_at,wc1_0.is_active,wc1_0.meta_access_token,wc1_0.meta_language,wc1_0.meta_phone_number,wc1_0.meta_status,wc1_0.twilio_account_sid,wc1_0.twilio_auth_token,wc1_0.twilio_from_number,wc1_0.twilio_status,wc1_0.updated_at from whatsapp_config wc1_0
Hibernate: select sgs1_0.id,sgs1_0.created_at,sgs1_0.gateway,sgs1_0.is_active,sgs1_0.settings_json,sgs1_0.status,sgs1_0.updated_at from sms_gateway_settings sgs1_0 where sgs1_0.gateway=?
Hibernate: select sgs1_0.id,sgs1_0.created_at,sgs1_0.gateway,sgs1_0.is_active,sgs1_0.settings_json,sgs1_0.status,sgs1_0.updated_at from sms_gateway_settings sgs1_0 where sgs1_0.gateway=?
Hibernate: select sgs1_0.id,sgs1_0.created_at,sgs1_0.gateway,sgs1_0.is_active,sgs1_0.settings_json,sgs1_0.status,sgs1_0.updated_at from sms_gateway_settings sgs1_0 where sgs1_0.gateway=?
Hibernate: select sgs1_0.id,sgs1_0.created_at,sgs1_0.gateway,sgs1_0.is_active,sgs1_0.settings_json,sgs1_0.status,sgs1_0.updated_at from sms_gateway_settings sgs1_0 where sgs1_0.gateway=?
Hibernate: select sgs1_0.id,sgs1_0.created_at,sgs1_0.gateway,sgs1_0.is_active,sgs1_0.settings_json,sgs1_0.status,sgs1_0.updated_at from sms_gateway_settings sgs1_0 where sgs1_0.gateway=?
Hibernate: select sgs1_0.id,sgs1_0.created_at,sgs1_0.gateway,sgs1_0.is_active,sgs1_0.settings_json,sgs1_0.status,sgs1_0.updated_at from sms_gateway_settings sgs1_0 where sgs1_0.gateway=?
Hibernate: select sgs1_0.id,sgs1_0.created_at,sgs1_0.gateway,sgs1_0.is_active,sgs1_0.settings_json,sgs1_0.status,sgs1_0.updated_at from sms_gateway_settings sgs1_0 where sgs1_0.gateway=?
Hibernate: select sgs1_0.id,sgs1_0.created_at,sgs1_0.gateway,sgs1_0.is_active,sgs1_0.settings_json,sgs1_0.status,sgs1_0.updated_at from sms_gateway_settings sgs1_0 where sgs1_0.gateway=?
Hibernate: select sgs1_0.id,sgs1_0.created_at,sgs1_0.gateway,sgs1_0.is_active,sgs1_0.settings_json,sgs1_0.status,sgs1_0.updated_at from sms_gateway_settings sgs1_0 where sgs1_0.gateway=?
Hibernate: select sgs1_0.id,sgs1_0.created_at,sgs1_0.gateway,sgs1_0.is_active,sgs1_0.settings_json,sgs1_0.status,sgs1_0.updated_at from sms_gateway_settings sgs1_0 where sgs1_0.gateway=?
Hibernate: select sgs1_0.id,sgs1_0.created_at,sgs1_0.gateway,sgs1_0.is_active,sgs1_0.settings_json,sgs1_0.status,sgs1_0.updated_at from sms_gateway_settings sgs1_0 where sgs1_0.gateway=?
Hibernate: select sgs1_0.id,sgs1_0.created_at,sgs1_0.gateway,sgs1_0.is_active,sgs1_0.settings_json,sgs1_0.status,sgs1_0.updated_at from sms_gateway_settings sgs1_0 where sgs1_0.gateway=?
Hibernate: select ec1_0.id,ec1_0.aws_access_key_id,ec1_0.aws_region,ec1_0.aws_secret_access_key,ec1_0.created_at,ec1_0.email_engine,ec1_0.from_email,ec1_0.is_active,ec1_0.smtp_auth,ec1_0.smtp_password,ec1_0.smtp_port,ec1_0.smtp_security,ec1_0.smtp_server,ec1_0.smtp_username,ec1_0.updated_at from email_config ec1_0
Hibernate: select pgs1_0.id,pgs1_0.created_at,pgs1_0.gateway,pgs1_0.is_active,pgs1_0.settings_json,pgs1_0.updated_at from payment_gateway_settings pgs1_0 where pgs1_0.gateway=?
Hibernate: select pgs1_0.id,pgs1_0.created_at,pgs1_0.gateway,pgs1_0.is_active,pgs1_0.settings_json,pgs1_0.updated_at from payment_gateway_settings pgs1_0 where pgs1_0.gateway=?
Hibernate: select pgs1_0.id,pgs1_0.created_at,pgs1_0.gateway,pgs1_0.is_active,pgs1_0.settings_json,pgs1_0.updated_at from payment_gateway_settings pgs1_0 where pgs1_0.gateway=?
Hibernate: select pgs1_0.id,pgs1_0.created_at,pgs1_0.gateway,pgs1_0.is_active,pgs1_0.settings_json,pgs1_0.updated_at from payment_gateway_settings pgs1_0 where pgs1_0.gateway=?
Hibernate: select pgs1_0.id,pgs1_0.created_at,pgs1_0.gateway,pgs1_0.is_active,pgs1_0.settings_json,pgs1_0.updated_at from payment_gateway_settings pgs1_0 where pgs1_0.gateway=?
Hibernate: select pgs1_0.id,pgs1_0.created_at,pgs1_0.gateway,pgs1_0.is_active,pgs1_0.settings_json,pgs1_0.updated_at from payment_gateway_settings pgs1_0 where pgs1_0.gateway=?
Hibernate: select pgs1_0.id,pgs1_0.created_at,pgs1_0.gateway,pgs1_0.is_active,pgs1_0.settings_json,pgs1_0.updated_at from payment_gateway_settings pgs1_0 where pgs1_0.gateway=?
Hibernate: select pgs1_0.id,pgs1_0.created_at,pgs1_0.gateway,pgs1_0.is_active,pgs1_0.settings_json,pgs1_0.updated_at from payment_gateway_settings pgs1_0 where pgs1_0.gateway=?
Hibernate: select pgs1_0.id,pgs1_0.created_at,pgs1_0.gateway,pgs1_0.is_active,pgs1_0.settings_json,pgs1_0.updated_at from payment_gateway_settings pgs1_0 where pgs1_0.gateway=?
Hibernate: select pgs1_0.id,pgs1_0.created_at,pgs1_0.gateway,pgs1_0.is_active,pgs1_0.settings_json,pgs1_0.updated_at from payment_gateway_settings pgs1_0 where pgs1_0.gateway=?
Hibernate: select pgs1_0.id,pgs1_0.created_at,pgs1_0.gateway,pgs1_0.is_active,pgs1_0.settings_json,pgs1_0.updated_at from payment_gateway_settings pgs1_0 where pgs1_0.gateway=?
Hibernate: select pgs1_0.id,pgs1_0.created_at,pgs1_0.gateway,pgs1_0.is_active,pgs1_0.settings_json,pgs1_0.updated_at from payment_gateway_settings pgs1_0 where pgs1_0.gateway=?
Hibernate: select pgs1_0.id,pgs1_0.created_at,pgs1_0.gateway,pgs1_0.is_active,pgs1_0.settings_json,pgs1_0.updated_at from payment_gateway_settings pgs1_0 where pgs1_0.gateway=?
Hibernate: select pgs1_0.id,pgs1_0.created_at,pgs1_0.gateway,pgs1_0.is_active,pgs1_0.settings_json,pgs1_0.updated_at from payment_gateway_settings pgs1_0 where pgs1_0.gateway=?
Hibernate: select pgs1_0.id,pgs1_0.created_at,pgs1_0.gateway,pgs1_0.is_active,pgs1_0.settings_json,pgs1_0.updated_at from payment_gateway_settings pgs1_0 where pgs1_0.gateway=?
Hibernate: select pgs1_0.id,pgs1_0.created_at,pgs1_0.gateway,pgs1_0.is_active,pgs1_0.settings_json,pgs1_0.updated_at from payment_gateway_settings pgs1_0 where pgs1_0.gateway=?
Hibernate: select pgs1_0.id,pgs1_0.created_at,pgs1_0.gateway,pgs1_0.is_active,pgs1_0.settings_json,pgs1_0.updated_at from payment_gateway_settings pgs1_0 where pgs1_0.gateway=?
Hibernate: select pgs1_0.id,pgs1_0.created_at,pgs1_0.gateway,pgs1_0.is_active,pgs1_0.settings_json,pgs1_0.updated_at from payment_gateway_settings pgs1_0 where pgs1_0.gateway=?
Hibernate: select pgs1_0.id,pgs1_0.created_at,pgs1_0.gateway,pgs1_0.is_active,pgs1_0.settings_json,pgs1_0.updated_at from payment_gateway_settings pgs1_0 where pgs1_0.gateway=?
Hibernate: select pgs1_0.id,pgs1_0.created_at,pgs1_0.gateway,pgs1_0.is_active,pgs1_0.settings_json,pgs1_0.updated_at from payment_gateway_settings pgs1_0 where pgs1_0.gateway=?
Hibernate: select pgs1_0.id,pgs1_0.created_at,pgs1_0.gateway,pgs1_0.is_active,pgs1_0.settings_json,pgs1_0.updated_at from payment_gateway_settings pgs1_0 where pgs1_0.gateway=?
Hibernate: select pgs1_0.id,pgs1_0.created_at,pgs1_0.gateway,pgs1_0.is_active,pgs1_0.settings_json,pgs1_0.updated_at from payment_gateway_settings pgs1_0 where pgs1_0.gateway=?
Hibernate: select pgs1_0.id,pgs1_0.created_at,pgs1_0.gateway,pgs1_0.is_active,pgs1_0.settings_json,pgs1_0.updated_at from payment_gateway_settings pgs1_0 where pgs1_0.gateway=?
Hibernate: select pgs1_0.id,pgs1_0.created_at,pgs1_0.gateway,pgs1_0.is_active,pgs1_0.settings_json,pgs1_0.updated_at from payment_gateway_settings pgs1_0 where pgs1_0.gateway=?
Hibernate: select pgs1_0.id,pgs1_0.created_at,pgs1_0.gateway,pgs1_0.is_active,pgs1_0.settings_json,pgs1_0.updated_at from payment_gateway_settings pgs1_0 where pgs1_0.gateway=?
Hibernate: select pgs1_0.id,pgs1_0.created_at,pgs1_0.gateway,pgs1_0.is_active,pgs1_0.settings_json,pgs1_0.updated_at from payment_gateway_settings pgs1_0 where pgs1_0.gateway=?
Hibernate: select pc1_0.id,pc1_0.active_gateway,pc1_0.created_at,pc1_0.is_active,pc1_0.updated_at from payment_config pc1_0
Hibernate: select phf1_0.id,phf1_0.created_at,phf1_0.document_type,phf1_0.footer_content,phf1_0.header_image_path,phf1_0.is_active,phf1_0.updated_at from print_header_footer phf1_0 where phf1_0.document_type=?
Hibernate: select phf1_0.id,phf1_0.created_at,phf1_0.document_type,phf1_0.footer_content,phf1_0.header_image_path,phf1_0.is_active,phf1_0.updated_at from print_header_footer phf1_0 where phf1_0.document_type=?
Hibernate: select phf1_0.id,phf1_0.created_at,phf1_0.document_type,phf1_0.footer_content,phf1_0.header_image_path,phf1_0.is_active,phf1_0.updated_at from print_header_footer phf1_0 where phf1_0.document_type=?
Hibernate: select phf1_0.id,phf1_0.created_at,phf1_0.document_type,phf1_0.footer_content,phf1_0.header_image_path,phf1_0.is_active,phf1_0.updated_at from print_header_footer phf1_0 where phf1_0.document_type=?
Hibernate: select phf1_0.id,phf1_0.created_at,phf1_0.document_type,phf1_0.footer_content,phf1_0.header_image_path,phf1_0.is_active,phf1_0.updated_at from print_header_footer phf1_0 where phf1_0.document_type=?
Hibernate: select phf1_0.id,phf1_0.created_at,phf1_0.document_type,phf1_0.footer_content,phf1_0.header_image_path,phf1_0.is_active,phf1_0.updated_at from print_header_footer phf1_0 where phf1_0.document_type=?
Hibernate: select tps1_0.id,tps1_0.address,tps1_0.created_at,tps1_0.footer_text,tps1_0.is_active,tps1_0.school_name,tps1_0.thermal_print_enabled,tps1_0.updated_at from thermal_print_setting tps1_0
Hibernate: select fcs1_0.id,fcs1_0.cookie_consent,fcs1_0.created_at,fcs1_0.current_theme,fcs1_0.facebook_url,fcs1_0.favicon_path,fcs1_0.footer_text,fcs1_0.front_cms_enabled,fcs1_0.google_analytics,fcs1_0.google_plus_url,fcs1_0.instagram_url,fcs1_0.is_active,fcs1_0.language,fcs1_0.language_rtl,fcs1_0.linkedin_url,fcs1_0.logo_path,fcs1_0.pinterest_url,fcs1_0.sidebar_complain,fcs1_0.sidebar_enabled,fcs1_0.sidebar_news,fcs1_0.twitter_url,fcs1_0.updated_at,fcs1_0.whatsapp_url,fcs1_0.youtube_url from front_cms_setting fcs1_0
Hibernate: select ar1_0.id,ar1_0.created_at,ar1_0.is_active,ar1_0.name,ar1_0.role_type,ar1_0.updated_at from app_roles ar1_0 where upper(ar1_0.name)=upper(?)
Hibernate: select ar1_0.id,ar1_0.created_at,ar1_0.is_active,ar1_0.name,ar1_0.role_type,ar1_0.updated_at from app_roles ar1_0 where upper(ar1_0.name)=upper(?)
Hibernate: select ar1_0.id,ar1_0.created_at,ar1_0.is_active,ar1_0.name,ar1_0.role_type,ar1_0.updated_at from app_roles ar1_0 where upper(ar1_0.name)=upper(?)
Hibernate: select ar1_0.id,ar1_0.created_at,ar1_0.is_active,ar1_0.name,ar1_0.role_type,ar1_0.updated_at from app_roles ar1_0 where upper(ar1_0.name)=upper(?)
Hibernate: select ar1_0.id,ar1_0.created_at,ar1_0.is_active,ar1_0.name,ar1_0.role_type,ar1_0.updated_at from app_roles ar1_0 where upper(ar1_0.name)=upper(?)
Hibernate: select ar1_0.id,ar1_0.created_at,ar1_0.is_active,ar1_0.name,ar1_0.role_type,ar1_0.updated_at from app_roles ar1_0 where upper(ar1_0.name)=upper(?)
Hibernate: select bs1_0.id,bs1_0.created_at,bs1_0.cron_secret_key,bs1_0.is_active,bs1_0.updated_at from backup_setting bs1_0
Hibernate: select count(*) from app_language al1_0
Hibernate: select count(*) from app_currency ac1_0
Hibernate: select count(*) from app_addons aa1_0
Hibernate: select am1_0.id,am1_0.created_at,am1_0.enabled,am1_0.is_active,am1_0.module_type,am1_0.name,am1_0.slug,am1_0.sort_order,am1_0.updated_at from app_modules am1_0 where am1_0.module_type=? order by am1_0.sort_order,am1_0.name
Hibernate: select am1_0.id,am1_0.created_at,am1_0.enabled,am1_0.is_active,am1_0.module_type,am1_0.name,am1_0.slug,am1_0.sort_order,am1_0.updated_at from app_modules am1_0 where am1_0.module_type=? order by am1_0.sort_order,am1_0.name
Hibernate: select am1_0.id,am1_0.created_at,am1_0.enabled,am1_0.is_active,am1_0.module_type,am1_0.name,am1_0.slug,am1_0.sort_order,am1_0.updated_at from app_modules am1_0 where am1_0.module_type=? order by am1_0.sort_order,am1_0.name
Hibernate: select acs1_0.id,acs1_0.created_at,acs1_0.display_name,acs1_0.enabled,acs1_0.is_active,acs1_0.slug,acs1_0.sort_order,acs1_0.updated_at from app_captcha_settings acs1_0 order by acs1_0.sort_order,acs1_0.display_name
Hibernate: select asf1_0.id,asf1_0.created_at,asf1_0.enabled,asf1_0.field_type,asf1_0.is_active,asf1_0.name,asf1_0.slug,asf1_0.sort_order,asf1_0.updated_at from app_system_fields asf1_0 where asf1_0.field_type=? order by asf1_0.sort_order,asf1_0.name
Hibernate: select asf1_0.id,asf1_0.created_at,asf1_0.enabled,asf1_0.field_type,asf1_0.is_active,asf1_0.name,asf1_0.slug,asf1_0.sort_order,asf1_0.updated_at from app_system_fields asf1_0 where asf1_0.field_type=? order by asf1_0.sort_order,asf1_0.name
Hibernate: select count(*) from app_student_profile_settings asps1_0
Hibernate: select aspef1_0.id,aspef1_0.created_at,aspef1_0.enabled,aspef1_0.is_active,aspef1_0.name,aspef1_0.slug,aspef1_0.sort_order,aspef1_0.updated_at from app_student_profile_edit_fields aspef1_0 order by aspef1_0.sort_order,aspef1_0.name
Hibernate: select asdw1_0.id,asdw1_0.created_at,asdw1_0.is_active,asdw1_0.name,asdw1_0.parent_enabled,asdw1_0.slug,asdw1_0.sort_order,asdw1_0.student_enabled,asdw1_0.updated_at from app_student_dashboard_widgets asdw1_0 order by asdw1_0.sort_order,asdw1_0.name
Hibernate: select count(*) from app_online_admission_settings aoas1_0
Hibernate: select aoaf1_0.id,aoaf1_0.created_at,aoaf1_0.custom_field_id,aoaf1_0.enabled,aoaf1_0.field_source,aoaf1_0.is_active,aoaf1_0.name,aoaf1_0.slug,aoaf1_0.sort_order,aoaf1_0.updated_at from app_online_admission_fields aoaf1_0 order by aoaf1_0.sort_order,aoaf1_0.name
Hibernate: select acf1_0.id,acf1_0.belong_to,acf1_0.bs_column,acf1_0.created_at,acf1_0.field_type,acf1_0.field_values,acf1_0.is_active,acf1_0.name,acf1_0.required_field,acf1_0.updated_at,acf1_0.visible_on_table,acf1_0.weight from app_custom_fields acf1_0 where acf1_0.belong_to=? order by acf1_0.weight,acf1_0.name
Hibernate: select aoaf1_0.id,aoaf1_0.created_at,aoaf1_0.custom_field_id,aoaf1_0.enabled,aoaf1_0.field_source,aoaf1_0.is_active,aoaf1_0.name,aoaf1_0.slug,aoaf1_0.sort_order,aoaf1_0.updated_at from app_online_admission_fields aoaf1_0 order by aoaf1_0.sort_order,aoaf1_0.name
Hibernate: select count(*) from app_file_type_settings afts1_0
Hibernate: select asmi1_0.id,asmi1_0.created_at,asmi1_0.is_active,asmi1_0.name,asmi1_0.selected_in_sidebar,asmi1_0.slug,asmi1_0.sort_order,asmi1_0.updated_at from app_sidebar_menu_items asmi1_0
Hibernate: select count(*) from app_sidebar_menu_items asmi1_0
Hibernate: select assmi1_0.id,assmi1_0.created_at,assmi1_0.href,assmi1_0.is_active,assmi1_0.name,assmi1_0.parent_menu_slug,assmi1_0.selected_in_sidebar,assmi1_0.slug,assmi1_0.sort_order,assmi1_0.updated_at from app_sidebar_submenu_items assmi1_0 order by assmi1_0.parent_menu_slug,assmi1_0.sort_order,assmi1_0.name
Hibernate: select assmi1_0.id,assmi1_0.created_at,assmi1_0.href,assmi1_0.is_active,assmi1_0.name,assmi1_0.parent_menu_slug,assmi1_0.selected_in_sidebar,assmi1_0.slug,assmi1_0.sort_order,assmi1_0.updated_at from app_sidebar_submenu_items assmi1_0 where assmi1_0.parent_menu_slug not in (?,?,?,?,?,?,?,?,?,?,?,?,?,?,?,?,?,?,?,?,?,?,?,?,?,?,?,?,?,?,?,?)
Hibernate: select count(*) from expense_heads eh1_0
Hibernate: select count(*) from expenses e1_0
Hibernate: select count(*) from multibranch_report_entries mbre1_0
Hibernate: select count(*) from user_logs ul1_0
Hibernate: select count(*) from gmeet_live_meetings glm1_0
Hibernate: select count(*) from income_heads ih1_0
Hibernate: select count(*) from incomes i1_0
Hibernate: select count(*) from cbse_exam_terms cet1_0
Hibernate: select count(*) from exam_groups eg1_0
Hibernate: select count(*) from marksheet_templates mt1_0
Hibernate: select count(*) from cbse_exam_categories cec1_0
Hibernate: select count(*) from chat_messages cm1_0
Hibernate: select count(*) from school_chat_settings scs1_0
Hibernate: select count(*) from conference_credentials cc1_0
Hibernate: update school_attendance_rules sar1_0 set class_id=0 where sar1_0.class_id is null
Hibernate: update school_attendance_rules sar1_0 set section='' where sar1_0.section is null
Hibernate: select count(*) from school_attendance_type_settings sats1_0
Hibernate: select count(*) from school_attendance_rules sar1_0
Hibernate: delete sar1_0 from school_attendance_rules sar1_0 where sar1_0.audience=? and sar1_0.class_id=?
Hibernate: delete sar1_0 from school_attendance_rules sar1_0 where sar1_0.audience='student' and sar1_0.role_name='Student'
Hibernate: select sc1_0.id,sc1_0.created_at,sc1_0.name,sc1_0.updated_at from school_classes sc1_0 order by sc1_0.id
Hibernate: select s1_0.school_class_id,s1_0.section_order,s1_0.section_name from school_class_sections s1_0 where s1_0.school_class_id=?
Hibernate: select s1_0.school_class_id,s1_0.section_order,s1_0.section_name from school_class_sections s1_0 where s1_0.school_class_id=?
Hibernate: select s1_0.school_class_id,s1_0.section_order,s1_0.section_name from school_class_sections s1_0 where s1_0.school_class_id=?
Hibernate: select s1_0.school_class_id,s1_0.section_order,s1_0.section_name from school_class_sections s1_0 where s1_0.school_class_id=?
Hibernate: select s1_0.school_class_id,s1_0.section_order,s1_0.section_name from school_class_sections s1_0 where s1_0.school_class_id=?
Hibernate: select s1_0.school_class_id,s1_0.section_order,s1_0.section_name from school_class_sections s1_0 where s1_0.school_class_id=?
Hibernate: select sar1_0.id,sar1_0.audience,sar1_0.class_id,sar1_0.created_at,sar1_0.entry_from,sar1_0.entry_upto,sar1_0.is_active,sar1_0.role_name,sar1_0.rule_type,sar1_0.section,sar1_0.total_hour,sar1_0.updated_at from school_attendance_rules sar1_0 where sar1_0.audience=? and sar1_0.class_id=? order by sar1_0.section,sar1_0.rule_type
Hibernate: select sar1_0.id,sar1_0.audience,sar1_0.class_id,sar1_0.created_at,sar1_0.entry_from,sar1_0.entry_upto,sar1_0.is_active,sar1_0.role_name,sar1_0.rule_type,sar1_0.section,sar1_0.total_hour,sar1_0.updated_at from school_attendance_rules sar1_0 where sar1_0.audience=? and sar1_0.class_id=? order by sar1_0.section,sar1_0.rule_type
Hibernate: select sar1_0.id,sar1_0.audience,sar1_0.class_id,sar1_0.created_at,sar1_0.entry_from,sar1_0.entry_upto,sar1_0.is_active,sar1_0.role_name,sar1_0.rule_type,sar1_0.section,sar1_0.total_hour,sar1_0.updated_at from school_attendance_rules sar1_0 where sar1_0.audience=? and sar1_0.class_id=? order by sar1_0.section,sar1_0.rule_type
Hibernate: select sar1_0.id,sar1_0.audience,sar1_0.class_id,sar1_0.created_at,sar1_0.entry_from,sar1_0.entry_upto,sar1_0.is_active,sar1_0.role_name,sar1_0.rule_type,sar1_0.section,sar1_0.total_hour,sar1_0.updated_at from school_attendance_rules sar1_0 where sar1_0.audience=? and sar1_0.class_id=? order by sar1_0.section,sar1_0.rule_type
Hibernate: select sar1_0.id,sar1_0.audience,sar1_0.class_id,sar1_0.created_at,sar1_0.entry_from,sar1_0.entry_upto,sar1_0.is_active,sar1_0.role_name,sar1_0.rule_type,sar1_0.section,sar1_0.total_hour,sar1_0.updated_at from school_attendance_rules sar1_0 where sar1_0.audience=? and sar1_0.class_id=? order by sar1_0.section,sar1_0.rule_type
Hibernate: select sar1_0.id,sar1_0.audience,sar1_0.class_id,sar1_0.created_at,sar1_0.entry_from,sar1_0.entry_upto,sar1_0.is_active,sar1_0.role_name,sar1_0.rule_type,sar1_0.section,sar1_0.total_hour,sar1_0.updated_at from school_attendance_rules sar1_0 where sar1_0.audience=? and sar1_0.class_id=? order by sar1_0.section,sar1_0.rule_type
Hibernate: select sc1_0.id,sc1_0.created_at,sc1_0.name,sc1_0.updated_at from school_classes sc1_0 order by sc1_0.id
Hibernate: select scat1_0.id,scat1_0.class_id,scat1_0.created_at,scat1_0.is_active,scat1_0.section,scat1_0.submit_time,scat1_0.updated_at from school_class_attendance_times scat1_0 order by scat1_0.class_id,scat1_0.section
Hibernate: select scat1_0.id,scat1_0.class_id,scat1_0.created_at,scat1_0.is_active,scat1_0.section,scat1_0.submit_time,scat1_0.updated_at from school_class_attendance_times scat1_0 order by scat1_0.class_id,scat1_0.section
Hibernate: select scat1_0.id,scat1_0.class_id,scat1_0.created_at,scat1_0.is_active,scat1_0.section,scat1_0.submit_time,scat1_0.updated_at from school_class_attendance_times scat1_0 order by scat1_0.class_id,scat1_0.section
Hibernate: select scat1_0.id,scat1_0.class_id,scat1_0.created_at,scat1_0.is_active,scat1_0.section,scat1_0.submit_time,scat1_0.updated_at from school_class_attendance_times scat1_0 order by scat1_0.class_id,scat1_0.section
Hibernate: select scat1_0.id,scat1_0.class_id,scat1_0.created_at,scat1_0.is_active,scat1_0.section,scat1_0.submit_time,scat1_0.updated_at from school_class_attendance_times scat1_0 order by scat1_0.class_id,scat1_0.section
Hibernate: select scat1_0.id,scat1_0.class_id,scat1_0.created_at,scat1_0.is_active,scat1_0.section,scat1_0.submit_time,scat1_0.updated_at from school_class_attendance_times scat1_0 order by scat1_0.class_id,scat1_0.section
Hibernate: select scat1_0.id,scat1_0.class_id,scat1_0.created_at,scat1_0.is_active,scat1_0.section,scat1_0.submit_time,scat1_0.updated_at from school_class_attendance_times scat1_0 order by scat1_0.class_id,scat1_0.section
Hibernate: select scat1_0.id,scat1_0.class_id,scat1_0.created_at,scat1_0.is_active,scat1_0.section,scat1_0.submit_time,scat1_0.updated_at from school_class_attendance_times scat1_0 order by scat1_0.class_id,scat1_0.section
Hibernate: select scat1_0.id,scat1_0.class_id,scat1_0.created_at,scat1_0.is_active,scat1_0.section,scat1_0.submit_time,scat1_0.updated_at from school_class_attendance_times scat1_0 order by scat1_0.class_id,scat1_0.section
Hibernate: select scat1_0.id,scat1_0.class_id,scat1_0.created_at,scat1_0.is_active,scat1_0.section,scat1_0.submit_time,scat1_0.updated_at from school_class_attendance_times scat1_0 order by scat1_0.class_id,scat1_0.section
Hibernate: select scat1_0.id,scat1_0.class_id,scat1_0.created_at,scat1_0.is_active,scat1_0.section,scat1_0.submit_time,scat1_0.updated_at from school_class_attendance_times scat1_0 order by scat1_0.class_id,scat1_0.section
Hibernate: select scat1_0.id,scat1_0.class_id,scat1_0.created_at,scat1_0.is_active,scat1_0.section,scat1_0.submit_time,scat1_0.updated_at from school_class_attendance_times scat1_0 order by scat1_0.class_id,scat1_0.section
Hibernate: select scat1_0.id,scat1_0.class_id,scat1_0.created_at,scat1_0.is_active,scat1_0.section,scat1_0.submit_time,scat1_0.updated_at from school_class_attendance_times scat1_0 order by scat1_0.class_id,scat1_0.section
Hibernate: select scat1_0.id,scat1_0.class_id,scat1_0.created_at,scat1_0.is_active,scat1_0.section,scat1_0.submit_time,scat1_0.updated_at from school_class_attendance_times scat1_0 order by scat1_0.class_id,scat1_0.section
Hibernate: select scat1_0.id,scat1_0.class_id,scat1_0.created_at,scat1_0.is_active,scat1_0.section,scat1_0.submit_time,scat1_0.updated_at from school_class_attendance_times scat1_0 order by scat1_0.class_id,scat1_0.section
Hibernate: select scat1_0.id,scat1_0.class_id,scat1_0.created_at,scat1_0.is_active,scat1_0.section,scat1_0.submit_time,scat1_0.updated_at from school_class_attendance_times scat1_0 order by scat1_0.class_id,scat1_0.section
Hibernate: select scat1_0.id,scat1_0.class_id,scat1_0.created_at,scat1_0.is_active,scat1_0.section,scat1_0.submit_time,scat1_0.updated_at from school_class_attendance_times scat1_0 order by scat1_0.class_id,scat1_0.section
Hibernate: select scat1_0.id,scat1_0.class_id,scat1_0.created_at,scat1_0.is_active,scat1_0.section,scat1_0.submit_time,scat1_0.updated_at from school_class_attendance_times scat1_0 order by scat1_0.class_id,scat1_0.section
Hibernate: select scat1_0.id,scat1_0.class_id,scat1_0.created_at,scat1_0.is_active,scat1_0.section,scat1_0.submit_time,scat1_0.updated_at from school_class_attendance_times scat1_0 order by scat1_0.class_id,scat1_0.section
Hibernate: select scat1_0.id,scat1_0.class_id,scat1_0.created_at,scat1_0.is_active,scat1_0.section,scat1_0.submit_time,scat1_0.updated_at from school_class_attendance_times scat1_0 order by scat1_0.class_id,scat1_0.section
Hibernate: select scat1_0.id,scat1_0.class_id,scat1_0.created_at,scat1_0.is_active,scat1_0.section,scat1_0.submit_time,scat1_0.updated_at from school_class_attendance_times scat1_0 order by scat1_0.class_id,scat1_0.section
Hibernate: select scat1_0.id,scat1_0.class_id,scat1_0.created_at,scat1_0.is_active,scat1_0.section,scat1_0.submit_time,scat1_0.updated_at from school_class_attendance_times scat1_0 order by scat1_0.class_id,scat1_0.section
Hibernate: select scat1_0.id,scat1_0.class_id,scat1_0.created_at,scat1_0.is_active,scat1_0.section,scat1_0.submit_time,scat1_0.updated_at from school_class_attendance_times scat1_0 order by scat1_0.class_id,scat1_0.section
Hibernate: select scat1_0.id,scat1_0.class_id,scat1_0.created_at,scat1_0.is_active,scat1_0.section,scat1_0.submit_time,scat1_0.updated_at from school_class_attendance_times scat1_0 order by scat1_0.class_id,scat1_0.section
Hibernate: select scat1_0.id,scat1_0.class_id,scat1_0.created_at,scat1_0.is_active,scat1_0.section,scat1_0.submit_time,scat1_0.updated_at from school_class_attendance_times scat1_0 order by scat1_0.class_id,scat1_0.section
Hibernate: select scat1_0.id,scat1_0.class_id,scat1_0.created_at,scat1_0.is_active,scat1_0.section,scat1_0.submit_time,scat1_0.updated_at from school_class_attendance_times scat1_0 order by scat1_0.class_id,scat1_0.section
Hibernate: select scat1_0.id,scat1_0.class_id,scat1_0.created_at,scat1_0.is_active,scat1_0.section,scat1_0.submit_time,scat1_0.updated_at from school_class_attendance_times scat1_0 order by scat1_0.class_id,scat1_0.section
Hibernate: select scat1_0.id,scat1_0.class_id,scat1_0.created_at,scat1_0.is_active,scat1_0.section,scat1_0.submit_time,scat1_0.updated_at from school_class_attendance_times scat1_0 order by scat1_0.class_id,scat1_0.section
Hibernate: select scat1_0.id,scat1_0.class_id,scat1_0.created_at,scat1_0.is_active,scat1_0.section,scat1_0.submit_time,scat1_0.updated_at from school_class_attendance_times scat1_0 order by scat1_0.class_id,scat1_0.section
Hibernate: select scat1_0.id,scat1_0.class_id,scat1_0.created_at,scat1_0.is_active,scat1_0.section,scat1_0.submit_time,scat1_0.updated_at from school_class_attendance_times scat1_0 order by scat1_0.class_id,scat1_0.section
Hibernate: select scat1_0.id,scat1_0.class_id,scat1_0.created_at,scat1_0.is_active,scat1_0.section,scat1_0.submit_time,scat1_0.updated_at from school_class_attendance_times scat1_0 order by scat1_0.class_id,scat1_0.section
Hibernate: select scat1_0.id,scat1_0.class_id,scat1_0.created_at,scat1_0.is_active,scat1_0.section,scat1_0.submit_time,scat1_0.updated_at from school_class_attendance_times scat1_0 order by scat1_0.class_id,scat1_0.section
Hibernate: select scat1_0.id,scat1_0.class_id,scat1_0.created_at,scat1_0.is_active,scat1_0.section,scat1_0.submit_time,scat1_0.updated_at from school_class_attendance_times scat1_0 order by scat1_0.class_id,scat1_0.section
Hibernate: select count(*) from cbse_observation_parameters cop1_0
Hibernate: select count(*) from cbse_observations co1_0
Hibernate: select count(*) from conference_live_classes clc1_0
Hibernate: select count(*) from school_login_background_settings slbs1_0
Hibernate: select count(*) from school_whatsapp_settings sws1_0
Hibernate: select count(*) from exam_result_records err1_0
Hibernate: select count(*) from marks_divisions md1_0
Hibernate: select count(*) from behaviour_incidents bi1_0
Hibernate: select count(*) from gmeet_settings gs1_0
Hibernate: select count(*) from cbse_admit_card_templates cact1_0
Hibernate: select count(*) from school_fees_settings sfs1_0
Hibernate: select count(*) from calendar_events ce1_0
Hibernate: select count(*) from calendar_todos ct1_0
Hibernate: select count(*) from exam_schedule_entries ese1_0
Hibernate: select count(*) from gmeet_live_classes glc1_0
Hibernate: select ns1_0.id,ns1_0.created_at,ns1_0.event_key,ns1_0.event_name,ns1_0.is_active,ns1_0.message_subject,ns1_0.notify_email,ns1_0.notify_mobile_app,ns1_0.notify_sms,ns1_0.notify_whatsapp,ns1_0.recipient_guardian,ns1_0.recipient_staff,ns1_0.recipient_student,ns1_0.sample_message,ns1_0.sms_template_id,ns1_0.sort_order,ns1_0.updated_at,ns1_0.whatsapp_template_id from notification_settings ns1_0 where ns1_0.event_key=?
Hibernate: select ns1_0.id,ns1_0.created_at,ns1_0.event_key,ns1_0.event_name,ns1_0.is_active,ns1_0.message_subject,ns1_0.notify_email,ns1_0.notify_mobile_app,ns1_0.notify_sms,ns1_0.notify_whatsapp,ns1_0.recipient_guardian,ns1_0.recipient_staff,ns1_0.recipient_student,ns1_0.sample_message,ns1_0.sms_template_id,ns1_0.sort_order,ns1_0.updated_at,ns1_0.whatsapp_template_id from notification_settings ns1_0 where ns1_0.event_key=?
Hibernate: select ns1_0.id,ns1_0.created_at,ns1_0.event_key,ns1_0.event_name,ns1_0.is_active,ns1_0.message_subject,ns1_0.notify_email,ns1_0.notify_mobile_app,ns1_0.notify_sms,ns1_0.notify_whatsapp,ns1_0.recipient_guardian,ns1_0.recipient_staff,ns1_0.recipient_student,ns1_0.sample_message,ns1_0.sms_template_id,ns1_0.sort_order,ns1_0.updated_at,ns1_0.whatsapp_template_id from notification_settings ns1_0 where ns1_0.event_key=?
Hibernate: select ns1_0.id,ns1_0.created_at,ns1_0.event_key,ns1_0.event_name,ns1_0.is_active,ns1_0.message_subject,ns1_0.notify_email,ns1_0.notify_mobile_app,ns1_0.notify_sms,ns1_0.notify_whatsapp,ns1_0.recipient_guardian,ns1_0.recipient_staff,ns1_0.recipient_student,ns1_0.sample_message,ns1_0.sms_template_id,ns1_0.sort_order,ns1_0.updated_at,ns1_0.whatsapp_template_id from notification_settings ns1_0 where ns1_0.event_key=?
Hibernate: select ns1_0.id,ns1_0.created_at,ns1_0.event_key,ns1_0.event_name,ns1_0.is_active,ns1_0.message_subject,ns1_0.notify_email,ns1_0.notify_mobile_app,ns1_0.notify_sms,ns1_0.notify_whatsapp,ns1_0.recipient_guardian,ns1_0.recipient_staff,ns1_0.recipient_student,ns1_0.sample_message,ns1_0.sms_template_id,ns1_0.sort_order,ns1_0.updated_at,ns1_0.whatsapp_template_id from notification_settings ns1_0 where ns1_0.event_key=?
Hibernate: select ns1_0.id,ns1_0.created_at,ns1_0.event_key,ns1_0.event_name,ns1_0.is_active,ns1_0.message_subject,ns1_0.notify_email,ns1_0.notify_mobile_app,ns1_0.notify_sms,ns1_0.notify_whatsapp,ns1_0.recipient_guardian,ns1_0.recipient_staff,ns1_0.recipient_student,ns1_0.sample_message,ns1_0.sms_template_id,ns1_0.sort_order,ns1_0.updated_at,ns1_0.whatsapp_template_id from notification_settings ns1_0 where ns1_0.event_key=?
Hibernate: select ns1_0.id,ns1_0.created_at,ns1_0.event_key,ns1_0.event_name,ns1_0.is_active,ns1_0.message_subject,ns1_0.notify_email,ns1_0.notify_mobile_app,ns1_0.notify_sms,ns1_0.notify_whatsapp,ns1_0.recipient_guardian,ns1_0.recipient_staff,ns1_0.recipient_student,ns1_0.sample_message,ns1_0.sms_template_id,ns1_0.sort_order,ns1_0.updated_at,ns1_0.whatsapp_template_id from notification_settings ns1_0 where ns1_0.event_key=?
Hibernate: select ns1_0.id,ns1_0.created_at,ns1_0.event_key,ns1_0.event_name,ns1_0.is_active,ns1_0.message_subject,ns1_0.notify_email,ns1_0.notify_mobile_app,ns1_0.notify_sms,ns1_0.notify_whatsapp,ns1_0.recipient_guardian,ns1_0.recipient_staff,ns1_0.recipient_student,ns1_0.sample_message,ns1_0.sms_template_id,ns1_0.sort_order,ns1_0.updated_at,ns1_0.whatsapp_template_id from notification_settings ns1_0 where ns1_0.event_key=?
Hibernate: select ns1_0.id,ns1_0.created_at,ns1_0.event_key,ns1_0.event_name,ns1_0.is_active,ns1_0.message_subject,ns1_0.notify_email,ns1_0.notify_mobile_app,ns1_0.notify_sms,ns1_0.notify_whatsapp,ns1_0.recipient_guardian,ns1_0.recipient_staff,ns1_0.recipient_student,ns1_0.sample_message,ns1_0.sms_template_id,ns1_0.sort_order,ns1_0.updated_at,ns1_0.whatsapp_template_id from notification_settings ns1_0 where ns1_0.event_key=?
Hibernate: select ns1_0.id,ns1_0.created_at,ns1_0.event_key,ns1_0.event_name,ns1_0.is_active,ns1_0.message_subject,ns1_0.notify_email,ns1_0.notify_mobile_app,ns1_0.notify_sms,ns1_0.notify_whatsapp,ns1_0.recipient_guardian,ns1_0.recipient_staff,ns1_0.recipient_student,ns1_0.sample_message,ns1_0.sms_template_id,ns1_0.sort_order,ns1_0.updated_at,ns1_0.whatsapp_template_id from notification_settings ns1_0 where ns1_0.event_key=?
Hibernate: select ns1_0.id,ns1_0.created_at,ns1_0.event_key,ns1_0.event_name,ns1_0.is_active,ns1_0.message_subject,ns1_0.notify_email,ns1_0.notify_mobile_app,ns1_0.notify_sms,ns1_0.notify_whatsapp,ns1_0.recipient_guardian,ns1_0.recipient_staff,ns1_0.recipient_student,ns1_0.sample_message,ns1_0.sms_template_id,ns1_0.sort_order,ns1_0.updated_at,ns1_0.whatsapp_template_id from notification_settings ns1_0 where ns1_0.event_key=?
Hibernate: select ns1_0.id,ns1_0.created_at,ns1_0.event_key,ns1_0.event_name,ns1_0.is_active,ns1_0.message_subject,ns1_0.notify_email,ns1_0.notify_mobile_app,ns1_0.notify_sms,ns1_0.notify_whatsapp,ns1_0.recipient_guardian,ns1_0.recipient_staff,ns1_0.recipient_student,ns1_0.sample_message,ns1_0.sms_template_id,ns1_0.sort_order,ns1_0.updated_at,ns1_0.whatsapp_template_id from notification_settings ns1_0 where ns1_0.event_key=?
Hibernate: select ns1_0.id,ns1_0.created_at,ns1_0.event_key,ns1_0.event_name,ns1_0.is_active,ns1_0.message_subject,ns1_0.notify_email,ns1_0.notify_mobile_app,ns1_0.notify_sms,ns1_0.notify_whatsapp,ns1_0.recipient_guardian,ns1_0.recipient_staff,ns1_0.recipient_student,ns1_0.sample_message,ns1_0.sms_template_id,ns1_0.sort_order,ns1_0.updated_at,ns1_0.whatsapp_template_id from notification_settings ns1_0 where ns1_0.event_key=?
Hibernate: select ns1_0.id,ns1_0.created_at,ns1_0.event_key,ns1_0.event_name,ns1_0.is_active,ns1_0.message_subject,ns1_0.notify_email,ns1_0.notify_mobile_app,ns1_0.notify_sms,ns1_0.notify_whatsapp,ns1_0.recipient_guardian,ns1_0.recipient_staff,ns1_0.recipient_student,ns1_0.sample_message,ns1_0.sms_template_id,ns1_0.sort_order,ns1_0.updated_at,ns1_0.whatsapp_template_id from notification_settings ns1_0 where ns1_0.event_key=?
Hibernate: select ns1_0.id,ns1_0.created_at,ns1_0.event_key,ns1_0.event_name,ns1_0.is_active,ns1_0.message_subject,ns1_0.notify_email,ns1_0.notify_mobile_app,ns1_0.notify_sms,ns1_0.notify_whatsapp,ns1_0.recipient_guardian,ns1_0.recipient_staff,ns1_0.recipient_student,ns1_0.sample_message,ns1_0.sms_template_id,ns1_0.sort_order,ns1_0.updated_at,ns1_0.whatsapp_template_id from notification_settings ns1_0 where ns1_0.event_key=?
Hibernate: select ns1_0.id,ns1_0.created_at,ns1_0.event_key,ns1_0.event_name,ns1_0.is_active,ns1_0.message_subject,ns1_0.notify_email,ns1_0.notify_mobile_app,ns1_0.notify_sms,ns1_0.notify_whatsapp,ns1_0.recipient_guardian,ns1_0.recipient_staff,ns1_0.recipient_student,ns1_0.sample_message,ns1_0.sms_template_id,ns1_0.sort_order,ns1_0.updated_at,ns1_0.whatsapp_template_id from notification_settings ns1_0 where ns1_0.event_key=?
Hibernate: select ns1_0.id,ns1_0.created_at,ns1_0.event_key,ns1_0.event_name,ns1_0.is_active,ns1_0.message_subject,ns1_0.notify_email,ns1_0.notify_mobile_app,ns1_0.notify_sms,ns1_0.notify_whatsapp,ns1_0.recipient_guardian,ns1_0.recipient_staff,ns1_0.recipient_student,ns1_0.sample_message,ns1_0.sms_template_id,ns1_0.sort_order,ns1_0.updated_at,ns1_0.whatsapp_template_id from notification_settings ns1_0 where ns1_0.event_key=?
Hibernate: select ns1_0.id,ns1_0.created_at,ns1_0.event_key,ns1_0.event_name,ns1_0.is_active,ns1_0.message_subject,ns1_0.notify_email,ns1_0.notify_mobile_app,ns1_0.notify_sms,ns1_0.notify_whatsapp,ns1_0.recipient_guardian,ns1_0.recipient_staff,ns1_0.recipient_student,ns1_0.sample_message,ns1_0.sms_template_id,ns1_0.sort_order,ns1_0.updated_at,ns1_0.whatsapp_template_id from notification_settings ns1_0 where ns1_0.event_key=?
Hibernate: select ns1_0.id,ns1_0.created_at,ns1_0.event_key,ns1_0.event_name,ns1_0.is_active,ns1_0.message_subject,ns1_0.notify_email,ns1_0.notify_mobile_app,ns1_0.notify_sms,ns1_0.notify_whatsapp,ns1_0.recipient_guardian,ns1_0.recipient_staff,ns1_0.recipient_student,ns1_0.sample_message,ns1_0.sms_template_id,ns1_0.sort_order,ns1_0.updated_at,ns1_0.whatsapp_template_id from notification_settings ns1_0 where ns1_0.event_key=?
Hibernate: select ns1_0.id,ns1_0.created_at,ns1_0.event_key,ns1_0.event_name,ns1_0.is_active,ns1_0.message_subject,ns1_0.notify_email,ns1_0.notify_mobile_app,ns1_0.notify_sms,ns1_0.notify_whatsapp,ns1_0.recipient_guardian,ns1_0.recipient_staff,ns1_0.recipient_student,ns1_0.sample_message,ns1_0.sms_template_id,ns1_0.sort_order,ns1_0.updated_at,ns1_0.whatsapp_template_id from notification_settings ns1_0 where ns1_0.event_key=?
Hibernate: select ns1_0.id,ns1_0.created_at,ns1_0.event_key,ns1_0.event_name,ns1_0.is_active,ns1_0.message_subject,ns1_0.notify_email,ns1_0.notify_mobile_app,ns1_0.notify_sms,ns1_0.notify_whatsapp,ns1_0.recipient_guardian,ns1_0.recipient_staff,ns1_0.recipient_student,ns1_0.sample_message,ns1_0.sms_template_id,ns1_0.sort_order,ns1_0.updated_at,ns1_0.whatsapp_template_id from notification_settings ns1_0 where ns1_0.event_key=?
Hibernate: select ns1_0.id,ns1_0.created_at,ns1_0.event_key,ns1_0.event_name,ns1_0.is_active,ns1_0.message_subject,ns1_0.notify_email,ns1_0.notify_mobile_app,ns1_0.notify_sms,ns1_0.notify_whatsapp,ns1_0.recipient_guardian,ns1_0.recipient_staff,ns1_0.recipient_student,ns1_0.sample_message,ns1_0.sms_template_id,ns1_0.sort_order,ns1_0.updated_at,ns1_0.whatsapp_template_id from notification_settings ns1_0 where ns1_0.event_key=?
Hibernate: select ns1_0.id,ns1_0.created_at,ns1_0.event_key,ns1_0.event_name,ns1_0.is_active,ns1_0.message_subject,ns1_0.notify_email,ns1_0.notify_mobile_app,ns1_0.notify_sms,ns1_0.notify_whatsapp,ns1_0.recipient_guardian,ns1_0.recipient_staff,ns1_0.recipient_student,ns1_0.sample_message,ns1_0.sms_template_id,ns1_0.sort_order,ns1_0.updated_at,ns1_0.whatsapp_template_id from notification_settings ns1_0 where ns1_0.event_key=?
Hibernate: select ns1_0.id,ns1_0.created_at,ns1_0.event_key,ns1_0.event_name,ns1_0.is_active,ns1_0.message_subject,ns1_0.notify_email,ns1_0.notify_mobile_app,ns1_0.notify_sms,ns1_0.notify_whatsapp,ns1_0.recipient_guardian,ns1_0.recipient_staff,ns1_0.recipient_student,ns1_0.sample_message,ns1_0.sms_template_id,ns1_0.sort_order,ns1_0.updated_at,ns1_0.whatsapp_template_id from notification_settings ns1_0 where ns1_0.event_key=?
Hibernate: select ns1_0.id,ns1_0.created_at,ns1_0.event_key,ns1_0.event_name,ns1_0.is_active,ns1_0.message_subject,ns1_0.notify_email,ns1_0.notify_mobile_app,ns1_0.notify_sms,ns1_0.notify_whatsapp,ns1_0.recipient_guardian,ns1_0.recipient_staff,ns1_0.recipient_student,ns1_0.sample_message,ns1_0.sms_template_id,ns1_0.sort_order,ns1_0.updated_at,ns1_0.whatsapp_template_id from notification_settings ns1_0 where ns1_0.event_key=?
Hibernate: select ns1_0.id,ns1_0.created_at,ns1_0.event_key,ns1_0.event_name,ns1_0.is_active,ns1_0.message_subject,ns1_0.notify_email,ns1_0.notify_mobile_app,ns1_0.notify_sms,ns1_0.notify_whatsapp,ns1_0.recipient_guardian,ns1_0.recipient_staff,ns1_0.recipient_student,ns1_0.sample_message,ns1_0.sms_template_id,ns1_0.sort_order,ns1_0.updated_at,ns1_0.whatsapp_template_id from notification_settings ns1_0 where ns1_0.event_key=?
Hibernate: select ns1_0.id,ns1_0.created_at,ns1_0.event_key,ns1_0.event_name,ns1_0.is_active,ns1_0.message_subject,ns1_0.notify_email,ns1_0.notify_mobile_app,ns1_0.notify_sms,ns1_0.notify_whatsapp,ns1_0.recipient_guardian,ns1_0.recipient_staff,ns1_0.recipient_student,ns1_0.sample_message,ns1_0.sms_template_id,ns1_0.sort_order,ns1_0.updated_at,ns1_0.whatsapp_template_id from notification_settings ns1_0 where ns1_0.event_key=?
Hibernate: select ns1_0.id,ns1_0.created_at,ns1_0.event_key,ns1_0.event_name,ns1_0.is_active,ns1_0.message_subject,ns1_0.notify_email,ns1_0.notify_mobile_app,ns1_0.notify_sms,ns1_0.notify_whatsapp,ns1_0.recipient_guardian,ns1_0.recipient_staff,ns1_0.recipient_student,ns1_0.sample_message,ns1_0.sms_template_id,ns1_0.sort_order,ns1_0.updated_at,ns1_0.whatsapp_template_id from notification_settings ns1_0 where ns1_0.event_key=?
Hibernate: select ns1_0.id,ns1_0.created_at,ns1_0.event_key,ns1_0.event_name,ns1_0.is_active,ns1_0.message_subject,ns1_0.notify_email,ns1_0.notify_mobile_app,ns1_0.notify_sms,ns1_0.notify_whatsapp,ns1_0.recipient_guardian,ns1_0.recipient_staff,ns1_0.recipient_student,ns1_0.sample_message,ns1_0.sms_template_id,ns1_0.sort_order,ns1_0.updated_at,ns1_0.whatsapp_template_id from notification_settings ns1_0 where ns1_0.event_key=?
Hibernate: select ns1_0.id,ns1_0.created_at,ns1_0.event_key,ns1_0.event_name,ns1_0.is_active,ns1_0.message_subject,ns1_0.notify_email,ns1_0.notify_mobile_app,ns1_0.notify_sms,ns1_0.notify_whatsapp,ns1_0.recipient_guardian,ns1_0.recipient_staff,ns1_0.recipient_student,ns1_0.sample_message,ns1_0.sms_template_id,ns1_0.sort_order,ns1_0.updated_at,ns1_0.whatsapp_template_id from notification_settings ns1_0 where ns1_0.event_key=?
Hibernate: select ns1_0.id,ns1_0.created_at,ns1_0.event_key,ns1_0.event_name,ns1_0.is_active,ns1_0.message_subject,ns1_0.notify_email,ns1_0.notify_mobile_app,ns1_0.notify_sms,ns1_0.notify_whatsapp,ns1_0.recipient_guardian,ns1_0.recipient_staff,ns1_0.recipient_student,ns1_0.sample_message,ns1_0.sms_template_id,ns1_0.sort_order,ns1_0.updated_at,ns1_0.whatsapp_template_id from notification_settings ns1_0 where ns1_0.event_key=?
Hibernate: select ns1_0.id,ns1_0.created_at,ns1_0.event_key,ns1_0.event_name,ns1_0.is_active,ns1_0.message_subject,ns1_0.notify_email,ns1_0.notify_mobile_app,ns1_0.notify_sms,ns1_0.notify_whatsapp,ns1_0.recipient_guardian,ns1_0.recipient_staff,ns1_0.recipient_student,ns1_0.sample_message,ns1_0.sms_template_id,ns1_0.sort_order,ns1_0.updated_at,ns1_0.whatsapp_template_id from notification_settings ns1_0 where ns1_0.event_key=?
Hibernate: select ns1_0.id,ns1_0.created_at,ns1_0.event_key,ns1_0.event_name,ns1_0.is_active,ns1_0.message_subject,ns1_0.notify_email,ns1_0.notify_mobile_app,ns1_0.notify_sms,ns1_0.notify_whatsapp,ns1_0.recipient_guardian,ns1_0.recipient_staff,ns1_0.recipient_student,ns1_0.sample_message,ns1_0.sms_template_id,ns1_0.sort_order,ns1_0.updated_at,ns1_0.whatsapp_template_id from notification_settings ns1_0 where ns1_0.event_key=?
Hibernate: select ns1_0.id,ns1_0.created_at,ns1_0.event_key,ns1_0.event_name,ns1_0.is_active,ns1_0.message_subject,ns1_0.notify_email,ns1_0.notify_mobile_app,ns1_0.notify_sms,ns1_0.notify_whatsapp,ns1_0.recipient_guardian,ns1_0.recipient_staff,ns1_0.recipient_student,ns1_0.sample_message,ns1_0.sms_template_id,ns1_0.sort_order,ns1_0.updated_at,ns1_0.whatsapp_template_id from notification_settings ns1_0 where ns1_0.event_key=?
Hibernate: select ns1_0.id,ns1_0.created_at,ns1_0.event_key,ns1_0.event_name,ns1_0.is_active,ns1_0.message_subject,ns1_0.notify_email,ns1_0.notify_mobile_app,ns1_0.notify_sms,ns1_0.notify_whatsapp,ns1_0.recipient_guardian,ns1_0.recipient_staff,ns1_0.recipient_student,ns1_0.sample_message,ns1_0.sms_template_id,ns1_0.sort_order,ns1_0.updated_at,ns1_0.whatsapp_template_id from notification_settings ns1_0 where ns1_0.event_key=?
Hibernate: select ns1_0.id,ns1_0.created_at,ns1_0.event_key,ns1_0.event_name,ns1_0.is_active,ns1_0.message_subject,ns1_0.notify_email,ns1_0.notify_mobile_app,ns1_0.notify_sms,ns1_0.notify_whatsapp,ns1_0.recipient_guardian,ns1_0.recipient_staff,ns1_0.recipient_student,ns1_0.sample_message,ns1_0.sms_template_id,ns1_0.sort_order,ns1_0.updated_at,ns1_0.whatsapp_template_id from notification_settings ns1_0 where ns1_0.event_key=?
Hibernate: select ns1_0.id,ns1_0.created_at,ns1_0.event_key,ns1_0.event_name,ns1_0.is_active,ns1_0.message_subject,ns1_0.notify_email,ns1_0.notify_mobile_app,ns1_0.notify_sms,ns1_0.notify_whatsapp,ns1_0.recipient_guardian,ns1_0.recipient_staff,ns1_0.recipient_student,ns1_0.sample_message,ns1_0.sms_template_id,ns1_0.sort_order,ns1_0.updated_at,ns1_0.whatsapp_template_id from notification_settings ns1_0 where ns1_0.event_key=?
Hibernate: select ns1_0.id,ns1_0.created_at,ns1_0.event_key,ns1_0.event_name,ns1_0.is_active,ns1_0.message_subject,ns1_0.notify_email,ns1_0.notify_mobile_app,ns1_0.notify_sms,ns1_0.notify_whatsapp,ns1_0.recipient_guardian,ns1_0.recipient_staff,ns1_0.recipient_student,ns1_0.sample_message,ns1_0.sms_template_id,ns1_0.sort_order,ns1_0.updated_at,ns1_0.whatsapp_template_id from notification_settings ns1_0
Hibernate: select count(*) from audit_trails at1_0
Hibernate: select count(*) from cbse_exam_grades ceg1_0
Hibernate: select count(*) from school_id_auto_generation_settings siags1_0
Hibernate: select count(*) from school_mobile_app_settings smas1_0
Hibernate: select count(*) from cbse_exam_assessments cea1_0
Hibernate: select count(*) from marks_grades mg1_0
Hibernate: select count(*) from cbse_exams ce1_0
Hibernate: select count(*) from cbse_exam_templates cet1_0
Hibernate: select count(*) from branches b1_0
Hibernate: select count(*) from admit_card_templates act1_0
Hibernate: select count(*) from conference_live_meetings clm1_0
Hibernate: select count(*) from school_student_guardian_panel_settings ssgps1_0
Hibernate: select count(*) from school_backend_theme_settings sbts1_0
Hibernate: select count(*) from qr_attendance_settings qas1_0
Hibernate: select count(*) from school_maintenance_settings sms1_0
Hibernate: select count(*) from school_google_drive_settings sgds1_0
Hibernate: select count(*) from school_miscellaneous_settings sms1_0
Hibernate: select count(*) from multibranch_overview mbo1_0
Hibernate: select aua1_0.id,aua1_0.created_at,aua1_0.is_active,aua1_0.login_enabled,aua1_0.password_hash,aua1_0.source_id,aua1_0.updated_at,aua1_0.user_type,aua1_0.username from app_user_accounts aua1_0 where upper(aua1_0.username)=upper(?)
Hibernate: select aua1_0.id,aua1_0.created_at,aua1_0.is_active,aua1_0.login_enabled,aua1_0.password_hash,aua1_0.source_id,aua1_0.updated_at,aua1_0.user_type,aua1_0.username from app_user_accounts aua1_0 where upper(aua1_0.username)=upper(?)
]]></system-out>
  </testcase>
  <testcase name="studentDemoAccountAuthenticates" classname="com.kantechsolution.smart_school.SmartSchoolApplicationTests" time="0.311">
    <system-out><![CDATA[Hibernate: select aua1_0.id,aua1_0.created_at,aua1_0.is_active,aua1_0.login_enabled,aua1_0.password_hash,aua1_0.source_id,aua1_0.updated_at,aua1_0.user_type,aua1_0.username from app_user_accounts aua1_0 where upper(aua1_0.username)=upper(?)
]]></system-out>
  </testcase>
  <testcase name="contextLoads" classname="com.kantechsolution.smart_school.SmartSchoolApplicationTests" time="0.022"/>
  <testcase name="parentDemoAccountAuthenticates" classname="com.kantechsolution.smart_school.SmartSchoolApplicationTests" time="0.156">
    <system-out><![CDATA[Hibernate: select aua1_0.id,aua1_0.created_at,aua1_0.is_active,aua1_0.login_enabled,aua1_0.password_hash,aua1_0.source_id,aua1_0.updated_at,aua1_0.user_type,aua1_0.username from app_user_accounts aua1_0 where upper(aua1_0.username)=upper(?)
]]></system-out>
  </testcase>
</testsuite>